src/components/dfns/DfnsFiatIntegration.tsx(869,78): error TS2322: Type '{ className: string; title: string; }' is not assignable to type 'IntrinsicAttributes & Omit<LucideProps, "ref"> & RefAttributes<SVGSVGElement>'.
  Property 'title' does not exist on type 'IntrinsicAttributes & Omit<LucideProps, "ref"> & RefAttributes<SVGSVGElement>'.
src/components/dfns/DfnsFiatIntegration.tsx(874,78): error TS2322: Type '{ className: string; title: string; }' is not assignable to type 'IntrinsicAttributes & Omit<LucideProps, "ref"> & RefAttributes<SVGSVGElement>'.
  Property 'title' does not exist on type 'IntrinsicAttributes & Omit<LucideProps, "ref"> & RefAttributes<SVGSVGElement>'.
src/components/dfns/index.ts(40,3): error TS2614: Module '"./DfnsDelegatedAuthentication"' has no exported member 'DfnsDelegatedAuthProps'. Did you mean to use 'import DfnsDelegatedAuthProps from "./DfnsDelegatedAuthentication"' instead?
src/components/dfns/index.ts(45,3): error TS2724: '"./DfnsFiatIntegration"' has no exported member named 'DfnsFiatIntegrationProps'. Did you mean 'DfnsFiatIntegration'?
src/components/dfns/index.ts(65,3): error TS2305: Module '"@/types/dfns/fiat"' has no exported member 'RampInstantSDKConfig'.
src/components/ramp/index.ts(9,10): error TS1205: Re-exporting a type when 'isolatedModules' is enabled requires using 'export type'.
src/components/ramp/ramp-configuration-manager.tsx(366,21): error TS2322: Type 'unknown' is not assignable to type 'boolean'.
src/components/ramp/ramp-quote-widget.tsx(169,45): error TS2345: Argument of type 'RampQuoteRequest' is not assignable to parameter of type 'FiatQuoteRequest'.
  Type 'RampQuoteRequest' is missing the following properties from type 'FiatQuoteRequest': amount, fromCurrency, toCurrency, type
src/components/ramp/ramp-widget.tsx(63,21): error TS2304: Cannot find name 'e'.
src/components/ramp/ramp-widget.tsx(264,52): error TS2345: Argument of type '{ walletAddress: any; cryptoAsset: any; currency: any; amount: any; paymentMethod: any; userEmail: any; returnUrl: any; }' is not assignable to parameter of type 'FiatOffRampRequest'.
  Property 'bankAccount' is missing in type '{ walletAddress: any; cryptoAsset: any; currency: any; amount: any; paymentMethod: any; userEmail: any; returnUrl: any; }' but required in type 'FiatOffRampRequest'.
src/components/wallet/components/moonpay/AnalyticsDashboard.tsx(28,28): error TS2307: Cannot find module '@/services/wallet/moonpay/NFTService' or its corresponding type declarations.
src/components/wallet/components/moonpay/AnalyticsDashboard.tsx(29,29): error TS2307: Cannot find module '@/services/wallet/moonpay/SwapService' or its corresponding type declarations.
src/components/wallet/components/moonpay/AnalyticsDashboard.tsx(187,35): error TS2589: Type instantiation is excessively deep and possibly infinite.
src/components/wallet/components/moonpay/AnalyticsDashboard.tsx(188,13): error TS2769: No overload matches this call.
  Overload 1 of 2, '(relation: "approval_configs" | "roles" | "users" | "cap_tables" | "investors" | "projects" | "project_credentials" | "tokens" | "dfns_wallets" | "dfns_users" | "dfns_exchange_integrations" | ... 167 more ... | "whitelist_signatories"): PostgrestQueryBuilder<...>', gave the following error.
    Argument of type '"moonpay_swap_transactions"' is not assignable to parameter of type '"approval_configs" | "roles" | "users" | "cap_tables" | "investors" | "projects" | "project_credentials" | "tokens" | "dfns_wallets" | "dfns_users" | "dfns_exchange_integrations" | ... 167 more ... | "whitelist_signatories"'.
  Overload 2 of 2, '(relation: "approval_configs_with_approvers" | "user_permissions_view" | "token_erc1155_view" | "token_erc1400_view" | "token_erc20_view" | "token_erc3525_view" | "token_erc4626_view" | ... 17 more ... | "valid_policy_approvers"): PostgrestQueryBuilder<...>', gave the following error.
    Argument of type '"moonpay_swap_transactions"' is not assignable to parameter of type '"approval_configs_with_approvers" | "user_permissions_view" | "token_erc1155_view" | "token_erc1400_view" | "token_erc20_view" | "token_erc3525_view" | "token_erc4626_view" | ... 17 more ... | "valid_policy_approvers"'.
src/components/wallet/components/moonpay/AnalyticsDashboard.tsx(195,42): error TS2339: Property 'status' does not exist on type 'ResultOne'.
src/components/wallet/components/moonpay/AnalyticsDashboard.tsx(196,58): error TS2339: Property 'base_amount' does not exist on type 'ResultOne'.
src/components/wallet/components/moonpay/AnalyticsDashboard.tsx(204,26): error TS2339: Property 'base_currency' does not exist on type 'ResultOne'.
src/components/wallet/components/moonpay/AnalyticsDashboard.tsx(204,46): error TS2339: Property 'quote_currency' does not exist on type 'ResultOne'.
src/components/wallet/components/moonpay/AnalyticsDashboard.tsx(208,39): error TS2339: Property 'base_amount' does not exist on type 'ResultOne'.
src/components/wallet/components/moonpay/AnalyticsDashboard.tsx(227,35): error TS2589: Type instantiation is excessively deep and possibly infinite.
src/components/wallet/components/moonpay/AnalyticsDashboard.tsx(228,13): error TS2769: No overload matches this call.
  Overload 1 of 2, '(relation: "approval_configs" | "roles" | "users" | "cap_tables" | "investors" | "projects" | "project_credentials" | "tokens" | "dfns_wallets" | "dfns_users" | "dfns_exchange_integrations" | ... 167 more ... | "whitelist_signatories"): PostgrestQueryBuilder<...>', gave the following error.
    Argument of type '"moonpay_passes"' is not assignable to parameter of type '"approval_configs" | "roles" | "users" | "cap_tables" | "investors" | "projects" | "project_credentials" | "tokens" | "dfns_wallets" | "dfns_users" | "dfns_exchange_integrations" | ... 167 more ... | "whitelist_signatories"'.
  Overload 2 of 2, '(relation: "approval_configs_with_approvers" | "user_permissions_view" | "token_erc1155_view" | "token_erc1400_view" | "token_erc20_view" | "token_erc3525_view" | "token_erc4626_view" | ... 17 more ... | "valid_policy_approvers"): PostgrestQueryBuilder<...>', gave the following error.
    Argument of type '"moonpay_passes"' is not assignable to parameter of type '"approval_configs_with_approvers" | "user_permissions_view" | "token_erc1155_view" | "token_erc1400_view" | "token_erc20_view" | "token_erc3525_view" | "token_erc4626_view" | ... 17 more ... | "valid_policy_approvers"'.
src/components/wallet/components/moonpay/AnalyticsDashboard.tsx(235,39): error TS2339: Property 'status' does not exist on type 'ResultOne'.
src/components/wallet/components/moonpay/AnalyticsDashboard.tsx(236,44): error TS2339: Property 'status' does not exist on type 'ResultOne'.
src/components/wallet/components/moonpay/AnalyticsDashboard.tsx(239,26): error TS2339: Property 'owner_address' does not exist on type 'ResultOne'.
src/components/wallet/components/moonpay/AnalyticsDashboard.tsx(239,52): error TS2339: Property 'owner_address' does not exist on type 'ResultOne'.
src/components/wallet/components/moonpay/AnalyticsDashboard.tsx(243,38): error TS2589: Type instantiation is excessively deep and possibly infinite.
src/components/wallet/components/moonpay/AnalyticsDashboard.tsx(244,13): error TS2769: No overload matches this call.
  Overload 1 of 2, '(relation: "approval_configs" | "roles" | "users" | "cap_tables" | "investors" | "projects" | "project_credentials" | "tokens" | "dfns_wallets" | "dfns_users" | "dfns_exchange_integrations" | ... 167 more ... | "whitelist_signatories"): PostgrestQueryBuilder<...>', gave the following error.
    Argument of type '"moonpay_projects"' is not assignable to parameter of type '"approval_configs" | "roles" | "users" | "cap_tables" | "investors" | "projects" | "project_credentials" | "tokens" | "dfns_wallets" | "dfns_users" | "dfns_exchange_integrations" | ... 167 more ... | "whitelist_signatories"'.
  Overload 2 of 2, '(relation: "approval_configs_with_approvers" | "user_permissions_view" | "token_erc1155_view" | "token_erc1400_view" | "token_erc20_view" | "token_erc3525_view" | "token_erc4626_view" | ... 17 more ... | "valid_policy_approvers"): PostgrestQueryBuilder<...>', gave the following error.
    Argument of type '"moonpay_projects"' is not assignable to parameter of type '"approval_configs_with_approvers" | "user_permissions_view" | "token_erc1155_view" | "token_erc1400_view" | "token_erc20_view" | "token_erc3525_view" | "token_erc4626_view" | ... 17 more ... | "valid_policy_approvers"'.
src/components/wallet/components/moonpay/AnalyticsDashboard.tsx(253,47): error TS2339: Property 'project_id' does not exist on type 'ResultOne'.
src/components/wallet/components/moonpay/AnalyticsDashboard.tsx(254,33): error TS2339: Property 'project_id' does not exist on type 'ResultOne'.
src/components/wallet/components/moonpay/AnalyticsDashboard.tsx(277,35): error TS2589: Type instantiation is excessively deep and possibly infinite.
src/components/wallet/components/moonpay/AnalyticsDashboard.tsx(278,13): error TS2769: No overload matches this call.
  Overload 1 of 2, '(relation: "approval_configs" | "roles" | "users" | "cap_tables" | "investors" | "projects" | "project_credentials" | "tokens" | "dfns_wallets" | "dfns_users" | "dfns_exchange_integrations" | ... 167 more ... | "whitelist_signatories"): PostgrestQueryBuilder<...>', gave the following error.
    Argument of type '"moonpay_customers"' is not assignable to parameter of type '"approval_configs" | "roles" | "users" | "cap_tables" | "investors" | "projects" | "project_credentials" | "tokens" | "dfns_wallets" | "dfns_users" | "dfns_exchange_integrations" | ... 167 more ... | "whitelist_signatories"'.
  Overload 2 of 2, '(relation: "approval_configs_with_approvers" | "user_permissions_view" | "token_erc1155_view" | "token_erc1400_view" | "token_erc20_view" | "token_erc3525_view" | "token_erc4626_view" | ... 17 more ... | "valid_policy_approvers"): PostgrestQueryBuilder<...>', gave the following error.
    Argument of type '"moonpay_customers"' is not assignable to parameter of type '"approval_configs_with_approvers" | "user_permissions_view" | "token_erc1155_view" | "token_erc1400_view" | "token_erc20_view" | "token_erc3525_view" | "token_erc4626_view" | ... 17 more ... | "valid_policy_approvers"'.
src/components/wallet/components/moonpay/AnalyticsDashboard.tsx(285,41): error TS2339: Property 'identity_verification_status' does not exist on type 'ResultOne'.
src/components/wallet/components/moonpay/AnalyticsDashboard.tsx(286,40): error TS2339: Property 'identity_verification_status' does not exist on type 'ResultOne'.
src/components/wallet/components/moonpay/AnalyticsDashboard.tsx(291,30): error TS2339: Property 'kyc_level' does not exist on type 'ResultOne'.
src/components/wallet/components/moonpay/AnalyticsDashboard.tsx(354,5): error TS1016: A required parameter cannot follow an optional parameter.
src/components/wallet/components/moonpay/CustomerManagement.tsx(98,19): error TS2589: Type instantiation is excessively deep and possibly infinite.
src/components/wallet/components/moonpay/CustomerManagement.tsx(99,15): error TS2769: No overload matches this call.
  Overload 1 of 2, '(relation: "approval_configs" | "roles" | "users" | "cap_tables" | "investors" | "projects" | "project_credentials" | "tokens" | "dfns_wallets" | "dfns_users" | "dfns_exchange_integrations" | ... 167 more ... | "whitelist_signatories"): PostgrestQueryBuilder<...>', gave the following error.
    Argument of type '"moonpay_customers"' is not assignable to parameter of type '"approval_configs" | "roles" | "users" | "cap_tables" | "investors" | "projects" | "project_credentials" | "tokens" | "dfns_wallets" | "dfns_users" | "dfns_exchange_integrations" | ... 167 more ... | "whitelist_signatories"'.
  Overload 2 of 2, '(relation: "approval_configs_with_approvers" | "user_permissions_view" | "token_erc1155_view" | "token_erc1400_view" | "token_erc20_view" | "token_erc3525_view" | "token_erc4626_view" | ... 17 more ... | "valid_policy_approvers"): PostgrestQueryBuilder<...>', gave the following error.
    Argument of type '"moonpay_customers"' is not assignable to parameter of type '"approval_configs_with_approvers" | "user_permissions_view" | "token_erc1155_view" | "token_erc1400_view" | "token_erc20_view" | "token_erc3525_view" | "token_erc4626_view" | ... 17 more ... | "valid_policy_approvers"'.
src/components/wallet/components/moonpay/CustomerManagement.tsx(105,19): error TS2589: Type instantiation is excessively deep and possibly infinite.
src/components/wallet/components/moonpay/CustomerManagement.tsx(115,17): error TS2589: Type instantiation is excessively deep and possibly infinite.
src/components/wallet/components/moonpay/CustomerManagement.tsx(210,17): error TS2769: No overload matches this call.
  Overload 1 of 2, '(relation: "approval_configs" | "roles" | "users" | "cap_tables" | "investors" | "projects" | "project_credentials" | "tokens" | "dfns_wallets" | "dfns_users" | "dfns_exchange_integrations" | ... 167 more ... | "whitelist_signatories"): PostgrestQueryBuilder<...>', gave the following error.
    Argument of type '"moonpay_customers"' is not assignable to parameter of type '"approval_configs" | "roles" | "users" | "cap_tables" | "investors" | "projects" | "project_credentials" | "tokens" | "dfns_wallets" | "dfns_users" | "dfns_exchange_integrations" | ... 167 more ... | "whitelist_signatories"'.
  Overload 2 of 2, '(relation: "approval_configs_with_approvers" | "user_permissions_view" | "token_erc1155_view" | "token_erc1400_view" | "token_erc20_view" | "token_erc3525_view" | "token_erc4626_view" | ... 17 more ... | "valid_policy_approvers"): PostgrestQueryBuilder<...>', gave the following error.
    Argument of type '"moonpay_customers"' is not assignable to parameter of type '"approval_configs_with_approvers" | "user_permissions_view" | "token_erc1155_view" | "token_erc1400_view" | "token_erc20_view" | "token_erc3525_view" | "token_erc4626_view" | ... 17 more ... | "valid_policy_approvers"'.
src/components/wallet/components/moonpay/CustomerManagement.tsx(211,21): error TS2353: Object literal may only specify known properties, and 'verification_documents' does not exist in type '{ assignee?: string; created_at?: string; description?: string; id?: string; metadata?: Json; service?: string; severity?: string; status?: string; title?: string; updated_at?: string; } | { approval_config_id?: string; ... 8 more ...; updated_at?: string; } | ... 176 more ... | { ...; }'.
src/components/wallet/components/moonpay/CustomerManagement.tsx(235,17): error TS2769: No overload matches this call.
  Overload 1 of 2, '(relation: "approval_configs" | "roles" | "users" | "cap_tables" | "investors" | "projects" | "project_credentials" | "tokens" | "dfns_wallets" | "dfns_users" | "dfns_exchange_integrations" | ... 167 more ... | "whitelist_signatories"): PostgrestQueryBuilder<...>', gave the following error.
    Argument of type '"moonpay_customers"' is not assignable to parameter of type '"approval_configs" | "roles" | "users" | "cap_tables" | "investors" | "projects" | "project_credentials" | "tokens" | "dfns_wallets" | "dfns_users" | "dfns_exchange_integrations" | ... 167 more ... | "whitelist_signatories"'.
  Overload 2 of 2, '(relation: "approval_configs_with_approvers" | "user_permissions_view" | "token_erc1155_view" | "token_erc1400_view" | "token_erc20_view" | "token_erc3525_view" | "token_erc4626_view" | ... 17 more ... | "valid_policy_approvers"): PostgrestQueryBuilder<...>', gave the following error.
    Argument of type '"moonpay_customers"' is not assignable to parameter of type '"approval_configs_with_approvers" | "user_permissions_view" | "token_erc1155_view" | "token_erc1400_view" | "token_erc20_view" | "token_erc3525_view" | "token_erc4626_view" | ... 17 more ... | "valid_policy_approvers"'.
src/components/wallet/components/moonpay/CustomerManagement.tsx(236,21): error TS2353: Object literal may only specify known properties, and 'verification_documents' does not exist in type '{ assignee?: string; created_at?: string; description?: string; id?: string; metadata?: Json; service?: string; severity?: string; status?: string; title?: string; updated_at?: string; } | { approval_config_id?: string; ... 8 more ...; updated_at?: string; } | ... 176 more ... | { ...; }'.
src/components/wallet/components/moonpay/MoonpayIntegration.tsx(250,9): error TS2451: Cannot redeclare block-scoped variable 'renderTransactionTypeSelector'.
src/components/wallet/components/moonpay/MoonpayIntegration.tsx(265,9): error TS2451: Cannot redeclare block-scoped variable 'renderCurrencySelector'.
src/components/wallet/components/moonpay/MoonpayIntegration.tsx(323,9): error TS2451: Cannot redeclare block-scoped variable 'renderAmountInput'.
src/components/wallet/components/moonpay/MoonpayIntegration.tsx(374,9): error TS2451: Cannot redeclare block-scoped variable 'renderWalletInput'.
src/components/wallet/components/moonpay/MoonpayIntegration.tsx(414,9): error TS2451: Cannot redeclare block-scoped variable 'renderPaymentMethodSelector'.
src/components/wallet/components/moonpay/MoonpayIntegration.tsx(440,9): error TS2451: Cannot redeclare block-scoped variable 'renderFormStep'.
src/components/wallet/components/moonpay/MoonpayIntegration.tsx(519,9): error TS2451: Cannot redeclare block-scoped variable 'renderPaymentStep'.
src/components/wallet/components/moonpay/MoonpayIntegration.tsx(580,9): error TS2451: Cannot redeclare block-scoped variable 'renderProcessingStep'.
src/components/wallet/components/moonpay/MoonpayIntegration.tsx(599,9): error TS2451: Cannot redeclare block-scoped variable 'renderSuccessStep'.
src/components/wallet/components/moonpay/MoonpayIntegration.tsx(633,42): error TS2339: Property 'type' does not exist on type 'OnRampTransaction'.
src/components/wallet/components/moonpay/MoonpayIntegration.tsx(634,29): error TS2339: Property 'type' does not exist on type 'OnRampTransaction'.
src/components/wallet/components/moonpay/MoonpayIntegration.tsx(655,9): error TS2451: Cannot redeclare block-scoped variable 'renderErrorStep'.
src/components/wallet/components/moonpay/MoonpayIntegration.tsx(683,9): error TS2451: Cannot redeclare block-scoped variable 'renderTransactionTypeSelector'.
src/components/wallet/components/moonpay/MoonpayIntegration.tsx(698,9): error TS2451: Cannot redeclare block-scoped variable 'renderCurrencySelector'.
src/components/wallet/components/moonpay/MoonpayIntegration.tsx(756,9): error TS2451: Cannot redeclare block-scoped variable 'renderAmountInput'.
src/components/wallet/components/moonpay/MoonpayIntegration.tsx(807,9): error TS2451: Cannot redeclare block-scoped variable 'renderWalletInput'.
src/components/wallet/components/moonpay/MoonpayIntegration.tsx(847,9): error TS2451: Cannot redeclare block-scoped variable 'renderPaymentMethodSelector'.
src/components/wallet/components/moonpay/MoonpayIntegration.tsx(873,9): error TS2451: Cannot redeclare block-scoped variable 'renderFormStep'.
src/components/wallet/components/moonpay/MoonpayIntegration.tsx(952,9): error TS2451: Cannot redeclare block-scoped variable 'renderPaymentStep'.
src/components/wallet/components/moonpay/MoonpayIntegration.tsx(1013,9): error TS2451: Cannot redeclare block-scoped variable 'renderProcessingStep'.
src/components/wallet/components/moonpay/MoonpayIntegration.tsx(1032,9): error TS2451: Cannot redeclare block-scoped variable 'renderSuccessStep'.
src/components/wallet/components/moonpay/MoonpayIntegration.tsx(1066,42): error TS2339: Property 'type' does not exist on type 'OnRampTransaction'.
src/components/wallet/components/moonpay/MoonpayIntegration.tsx(1067,29): error TS2339: Property 'type' does not exist on type 'OnRampTransaction'.
src/components/wallet/components/moonpay/MoonpayIntegration.tsx(1088,9): error TS2451: Cannot redeclare block-scoped variable 'renderErrorStep'.
src/components/wallet/components/moonpay/NFTMarketplace.tsx(28,48): error TS2307: Cannot find module '@/services/wallet/moonpay/NFTService' or its corresponding type declarations.
src/components/wallet/components/moonpay/SwapInterface.tsx(35,8): error TS2307: Cannot find module '@/services/wallet/moonpay/SwapService' or its corresponding type declarations.
src/components/wallet/components/moonpay/SwapInterface.tsx(730,22): error TS2304: Cannot find name 'ExternalLink'.
src/components/wallet/EnhancedWalletInterface.tsx(79,74): error TS2339: Property 'type' does not exist on type 'OnRampTransaction'.
src/hooks/useDfns.ts(9,34): error TS2307: Cannot find module '@dfns/sdk' or its corresponding type declarations.
src/infrastructure/dfns/client.ts(134,9): error TS2353: Object literal may only specify known properties, and 'error' does not exist in type '{ valid: boolean; stored?: IdempotentRequest; }'.
src/infrastructure/dfns/client.ts(331,67): error TS2339: Property 'error' does not exist on type '{ valid: boolean; stored?: IdempotentRequest; }'.
src/infrastructure/dfns/delegated-signing-manager.ts(218,17): error TS2339: Property 'delegatedSigning' does not exist on type 'DfnsClientConfig'.
src/infrastructure/dfns/delegated-signing-manager.ts(870,12): error TS2352: Conversion of type 'AuthHeaders' to type 'Record<string, string>' may be a mistake because neither type sufficiently overlaps with the other. If this was intentional, convert the expression to 'unknown' first.
  Index signature for type 'string' is missing in type 'AuthHeaders'.
src/infrastructure/dfns/fiat/index.ts(16,3): error TS2614: Module '"./ramp-network-manager"' has no exported member 'RampSendCryptoRequest'. Did you mean to use 'import RampSendCryptoRequest from "./ramp-network-manager"' instead?
src/infrastructure/dfns/fiat/ramp-network-manager.ts(207,41): error TS2345: Argument of type 'RampInstantSDKConfig' is not assignable to parameter of type 'IHostConfig'.
  Types of property 'paymentMethodType' are incompatible.
    Type 'RampPaymentMethod' is not assignable to type 'PaymentMethodType'.
      Type '"MANUAL_BANK_TRANSFER"' is not assignable to type 'PaymentMethodType'.
src/infrastructure/dfns/fiat/ramp-network-manager.ts(217,7): error TS2741: Property 'kind' is missing in type '{ data: { widgetInstance: RampInstantSDK; }; error: null; }' but required in type 'DfnsResponse<{ widgetInstance: any; }>'.
src/infrastructure/dfns/fiat/ramp-network-manager.ts(223,7): error TS2741: Property 'kind' is missing in type '{ data: null; error: DfnsError; }' but required in type 'DfnsResponse<{ widgetInstance: any; }>'.
src/infrastructure/dfns/fiat/ramp-network-manager.ts(254,27): error TS2339: Property 'returnUrl' does not exist on type 'FiatOffRampRequest'.
src/infrastructure/dfns/fiat/ramp-network-manager.ts(259,41): error TS2345: Argument of type 'RampInstantSDKConfig' is not assignable to parameter of type 'IHostConfig'.
  Types of property 'paymentMethodType' are incompatible.
    Type 'RampPaymentMethod' is not assignable to type 'PaymentMethodType'.
      Type '"MANUAL_BANK_TRANSFER"' is not assignable to type 'PaymentMethodType'.
src/infrastructure/dfns/fiat/ramp-network-manager.ts(269,7): error TS2741: Property 'kind' is missing in type '{ data: { widgetInstance: RampInstantSDK; }; error: null; }' but required in type 'DfnsResponse<{ widgetInstance: any; }>'.
src/infrastructure/dfns/fiat/ramp-network-manager.ts(275,7): error TS2741: Property 'kind' is missing in type '{ data: null; error: DfnsError; }' but required in type 'DfnsResponse<{ widgetInstance: any; }>'.
src/infrastructure/dfns/index.ts(148,3): error TS2305: Module '"@/types/dfns/fiat"' has no exported member 'RampInstantSDKConfig'.
src/routes/api/ramp-webhooks.ts(119,49): error TS2589: Type instantiation is excessively deep and possibly infinite.
src/routes/api/ramp-webhooks.ts(119,49): error TS2589: Type instantiation is excessively deep and possibly infinite.
src/routes/api/ramp-webhooks.ts(120,13): error TS2769: No overload matches this call.
  Overload 1 of 2, '(relation: "approval_configs" | "roles" | "users" | "cap_tables" | "investors" | "projects" | "project_credentials" | "tokens" | "dfns_wallets" | "dfns_users" | "dfns_exchange_integrations" | ... 167 more ... | "whitelist_signatories"): PostgrestQueryBuilder<...>', gave the following error.
    Argument of type '"ramp_webhook_events"' is not assignable to parameter of type '"approval_configs" | "roles" | "users" | "cap_tables" | "investors" | "projects" | "project_credentials" | "tokens" | "dfns_wallets" | "dfns_users" | "dfns_exchange_integrations" | ... 167 more ... | "whitelist_signatories"'.
  Overload 2 of 2, '(relation: "approval_configs_with_approvers" | "user_permissions_view" | "token_erc1155_view" | "token_erc1400_view" | "token_erc20_view" | "token_erc3525_view" | "token_erc4626_view" | ... 17 more ... | "valid_policy_approvers"): PostgrestQueryBuilder<...>', gave the following error.
    Argument of type '"ramp_webhook_events"' is not assignable to parameter of type '"approval_configs_with_approvers" | "user_permissions_view" | "token_erc1155_view" | "token_erc1400_view" | "token_erc20_view" | "token_erc3525_view" | "token_erc4626_view" | ... 17 more ... | "valid_policy_approvers"'.
src/routes/api/ramp-webhooks.ts(130,29): error TS2339: Property 'event_id' does not exist on type 'ResultOne'.
src/routes/api/ramp-webhooks.ts(131,26): error TS2339: Property 'event_type' does not exist on type 'ResultOne'.
src/routes/api/ramp-webhooks.ts(132,28): error TS2339: Property 'processing_status' does not exist on type 'ResultOne'.
src/routes/api/ramp-webhooks.ts(133,31): error TS2339: Property 'created_at' does not exist on type 'ResultOne'.
src/routes/api/ramp-webhooks.ts(134,33): error TS2339: Property 'processed_at' does not exist on type 'ResultOne'.
src/routes/api/ramp-webhooks.ts(135,34): error TS2339: Property 'error_message' does not exist on type 'ResultOne'.
src/routes/api/ramp-webhooks.ts(218,7): error TS2322: Type '{ ramp_purchase: RampPurchase; processing_status: string; }' is not assignable to type 'Json'.
  Types of property 'ramp_purchase' are incompatible.
    Type 'RampPurchase' is not assignable to type 'Json'.
      Type 'RampPurchase' is not assignable to type '{ [key: string]: Json; }'.
        Index signature for type 'string' is missing in type 'RampPurchase'.
src/routes/api/ramp-webhooks.ts(243,7): error TS2322: Type '{ ramp_purchase: RampPurchase; processing_status: string; completion_time: string; }' is not assignable to type 'Json'.
  Types of property 'ramp_purchase' are incompatible.
    Type 'RampPurchase' is not assignable to type 'Json'.
      Type 'RampPurchase' is not assignable to type '{ [key: string]: Json; }'.
        Index signature for type 'string' is missing in type 'RampPurchase'.
src/routes/api/ramp-webhooks.ts(267,7): error TS2322: Type '{ ramp_purchase: RampPurchase; processing_status: string; }' is not assignable to type 'Json'.
  Types of property 'ramp_purchase' are incompatible.
    Type 'RampPurchase' is not assignable to type 'Json'.
      Type 'RampPurchase' is not assignable to type '{ [key: string]: Json; }'.
        Index signature for type 'string' is missing in type 'RampPurchase'.
src/routes/api/ramp-webhooks.ts(290,7): error TS2322: Type '{ ramp_purchase: RampPurchase; processing_status: string; }' is not assignable to type 'Json'.
  Types of property 'ramp_purchase' are incompatible.
    Type 'RampPurchase' is not assignable to type 'Json'.
      Type 'RampPurchase' is not assignable to type '{ [key: string]: Json; }'.
        Index signature for type 'string' is missing in type 'RampPurchase'.
src/routes/api/ramp-webhooks.ts(314,7): error TS2322: Type '{ ramp_sale: RampSale; processing_status: string; }' is not assignable to type 'Json'.
  Types of property 'ramp_sale' are incompatible.
    Type 'RampSale' is not assignable to type 'Json'.
      Type 'RampSale' is not assignable to type '{ [key: string]: Json; }'.
        Index signature for type 'string' is missing in type 'RampSale'.
src/routes/api/ramp-webhooks.ts(337,7): error TS2322: Type '{ ramp_sale: RampSale; processing_status: string; completion_time: string; }' is not assignable to type 'Json'.
  Types of property 'ramp_sale' are incompatible.
    Type 'RampSale' is not assignable to type 'Json'.
      Type 'RampSale' is not assignable to type '{ [key: string]: Json; }'.
        Index signature for type 'string' is missing in type 'RampSale'.
src/routes/api/ramp-webhooks.ts(361,7): error TS2322: Type '{ ramp_sale: RampSale; processing_status: string; }' is not assignable to type 'Json'.
  Types of property 'ramp_sale' are incompatible.
    Type 'RampSale' is not assignable to type 'Json'.
      Type 'RampSale' is not assignable to type '{ [key: string]: Json; }'.
        Index signature for type 'string' is missing in type 'RampSale'.
src/routes/api/ramp-webhooks.ts(384,7): error TS2322: Type '{ ramp_sale: RampSale; processing_status: string; }' is not assignable to type 'Json'.
  Types of property 'ramp_sale' are incompatible.
    Type 'RampSale' is not assignable to type 'Json'.
      Type 'RampSale' is not assignable to type '{ [key: string]: Json; }'.
        Index signature for type 'string' is missing in type 'RampSale'.
src/routes/api/ramp-webhooks.ts(402,13): error TS2769: No overload matches this call.
  Overload 1 of 2, '(relation: "approval_configs" | "roles" | "users" | "cap_tables" | "investors" | "projects" | "project_credentials" | "tokens" | "dfns_wallets" | "dfns_users" | "dfns_exchange_integrations" | ... 167 more ... | "whitelist_signatories"): PostgrestQueryBuilder<...>', gave the following error.
    Argument of type '"ramp_webhook_events"' is not assignable to parameter of type '"approval_configs" | "roles" | "users" | "cap_tables" | "investors" | "projects" | "project_credentials" | "tokens" | "dfns_wallets" | "dfns_users" | "dfns_exchange_integrations" | ... 167 more ... | "whitelist_signatories"'.
  Overload 2 of 2, '(relation: "approval_configs_with_approvers" | "user_permissions_view" | "token_erc1155_view" | "token_erc1400_view" | "token_erc20_view" | "token_erc3525_view" | "token_erc4626_view" | ... 17 more ... | "valid_policy_approvers"): PostgrestQueryBuilder<...>', gave the following error.
    Argument of type '"ramp_webhook_events"' is not assignable to parameter of type '"approval_configs_with_approvers" | "user_permissions_view" | "token_erc1155_view" | "token_erc1400_view" | "token_erc20_view" | "token_erc3525_view" | "token_erc4626_view" | ... 17 more ... | "valid_policy_approvers"'.
src/services/dfns/ramp-network-data-service.ts(156,17): error TS2769: No overload matches this call.
  Overload 1 of 2, '(relation: "approval_configs" | "roles" | "users" | "cap_tables" | "investors" | "projects" | "project_credentials" | "tokens" | "dfns_wallets" | "dfns_users" | "dfns_exchange_integrations" | ... 167 more ... | "whitelist_signatories"): PostgrestQueryBuilder<...>', gave the following error.
    Argument of type '"ramp_supported_assets"' is not assignable to parameter of type '"approval_configs" | "roles" | "users" | "cap_tables" | "investors" | "projects" | "project_credentials" | "tokens" | "dfns_wallets" | "dfns_users" | "dfns_exchange_integrations" | ... 167 more ... | "whitelist_signatories"'.
  Overload 2 of 2, '(relation: "approval_configs_with_approvers" | "user_permissions_view" | "token_erc1155_view" | "token_erc1400_view" | "token_erc20_view" | "token_erc3525_view" | "token_erc4626_view" | ... 17 more ... | "valid_policy_approvers"): PostgrestQueryBuilder<...>', gave the following error.
    Argument of type '"ramp_supported_assets"' is not assignable to parameter of type '"approval_configs_with_approvers" | "user_permissions_view" | "token_erc1155_view" | "token_erc1400_view" | "token_erc20_view" | "token_erc3525_view" | "token_erc4626_view" | ... 17 more ... | "valid_policy_approvers"'.
src/services/dfns/ramp-network-data-service.ts(182,19): error TS2589: Type instantiation is excessively deep and possibly infinite.
src/services/dfns/ramp-network-data-service.ts(183,15): error TS2769: No overload matches this call.
  Overload 1 of 2, '(relation: "approval_configs" | "roles" | "users" | "cap_tables" | "investors" | "projects" | "project_credentials" | "tokens" | "dfns_wallets" | "dfns_users" | "dfns_exchange_integrations" | ... 167 more ... | "whitelist_signatories"): PostgrestQueryBuilder<...>', gave the following error.
    Argument of type '"ramp_supported_assets"' is not assignable to parameter of type '"approval_configs" | "roles" | "users" | "cap_tables" | "investors" | "projects" | "project_credentials" | "tokens" | "dfns_wallets" | "dfns_users" | "dfns_exchange_integrations" | ... 167 more ... | "whitelist_signatories"'.
  Overload 2 of 2, '(relation: "approval_configs_with_approvers" | "user_permissions_view" | "token_erc1155_view" | "token_erc1400_view" | "token_erc20_view" | "token_erc3525_view" | "token_erc4626_view" | ... 17 more ... | "valid_policy_approvers"): PostgrestQueryBuilder<...>', gave the following error.
    Argument of type '"ramp_supported_assets"' is not assignable to parameter of type '"approval_configs_with_approvers" | "user_permissions_view" | "token_erc1155_view" | "token_erc1400_view" | "token_erc20_view" | "token_erc3525_view" | "token_erc4626_view" | ... 17 more ... | "valid_policy_approvers"'.
src/services/dfns/ramp-network-data-service.ts(189,17): error TS2589: Type instantiation is excessively deep and possibly infinite.
src/services/dfns/ramp-network-data-service.ts(193,17): error TS2589: Type instantiation is excessively deep and possibly infinite.
src/services/dfns/ramp-network-data-service.ts(197,17): error TS2589: Type instantiation is excessively deep and possibly infinite.
src/services/dfns/ramp-network-data-service.ts(219,9): error TS2322: Type 'ResultOne[]' is not assignable to type 'RampAssetCacheEntry[]'.
  Type 'ResultOne' is not assignable to type 'RampAssetCacheEntry'.
src/services/dfns/ramp-network-data-service.ts(258,37): error TS2589: Type instantiation is excessively deep and possibly infinite.
src/services/dfns/ramp-network-data-service.ts(259,15): error TS2769: No overload matches this call.
  Overload 1 of 2, '(relation: "approval_configs" | "roles" | "users" | "cap_tables" | "investors" | "projects" | "project_credentials" | "tokens" | "dfns_wallets" | "dfns_users" | "dfns_exchange_integrations" | ... 167 more ... | "whitelist_signatories"): PostgrestQueryBuilder<...>', gave the following error.
    Argument of type '"ramp_transaction_events"' is not assignable to parameter of type '"approval_configs" | "roles" | "users" | "cap_tables" | "investors" | "projects" | "project_credentials" | "tokens" | "dfns_wallets" | "dfns_users" | "dfns_exchange_integrations" | ... 167 more ... | "whitelist_signatories"'.
  Overload 2 of 2, '(relation: "approval_configs_with_approvers" | "user_permissions_view" | "token_erc1155_view" | "token_erc1400_view" | "token_erc20_view" | "token_erc3525_view" | "token_erc4626_view" | ... 17 more ... | "valid_policy_approvers"): PostgrestQueryBuilder<...>', gave the following error.
    Argument of type '"ramp_transaction_events"' is not assignable to parameter of type '"approval_configs_with_approvers" | "user_permissions_view" | "token_erc1155_view" | "token_erc1400_view" | "token_erc20_view" | "token_erc3525_view" | "token_erc4626_view" | ... 17 more ... | "valid_policy_approvers"'.
src/services/dfns/ramp-network-data-service.ts(298,19): error TS2589: Type instantiation is excessively deep and possibly infinite.
src/services/dfns/ramp-network-data-service.ts(298,19): error TS2589: Type instantiation is excessively deep and possibly infinite.
src/services/dfns/ramp-network-data-service.ts(299,15): error TS2769: No overload matches this call.
  Overload 1 of 2, '(relation: "approval_configs" | "roles" | "users" | "cap_tables" | "investors" | "projects" | "project_credentials" | "tokens" | "dfns_wallets" | "dfns_users" | "dfns_exchange_integrations" | ... 167 more ... | "whitelist_signatories"): PostgrestQueryBuilder<...>', gave the following error.
    Argument of type '"ramp_transaction_events"' is not assignable to parameter of type '"approval_configs" | "roles" | "users" | "cap_tables" | "investors" | "projects" | "project_credentials" | "tokens" | "dfns_wallets" | "dfns_users" | "dfns_exchange_integrations" | ... 167 more ... | "whitelist_signatories"'.
  Overload 2 of 2, '(relation: "approval_configs_with_approvers" | "user_permissions_view" | "token_erc1155_view" | "token_erc1400_view" | "token_erc20_view" | "token_erc3525_view" | "token_erc4626_view" | ... 17 more ... | "valid_policy_approvers"): PostgrestQueryBuilder<...>', gave the following error.
    Argument of type '"ramp_transaction_events"' is not assignable to parameter of type '"approval_configs_with_approvers" | "user_permissions_view" | "token_erc1155_view" | "token_erc1400_view" | "token_erc20_view" | "token_erc3525_view" | "token_erc4626_view" | ... 17 more ... | "valid_policy_approvers"'.
src/services/dfns/ramp-network-data-service.ts(305,17): error TS2589: Type instantiation is excessively deep and possibly infinite.
src/services/dfns/ramp-network-data-service.ts(327,9): error TS2322: Type 'ResultOne[]' is not assignable to type 'RampTransactionEvent[]'.
  Type 'ResultOne' is not assignable to type 'RampTransactionEvent'.
src/services/dfns/ramp-network-data-service.ts(365,17): error TS2345: Argument of type '{ status: string; updated_at: string; metadata: { last_webhook_update: string; id: string; endTime: string; asset: RampAssetInfo; receiverAddress: string; cryptoAmount: string; fiatCurrency: string; ... 8 more ...; purchaseViewToken?: string; } | { ...; }; }' is not assignable to parameter of type '{ amount?: number; bank_account?: Json; created_at?: string; crypto_asset?: string; currency?: string; estimated_completion_time?: string; exchange_rate?: Json; expires_at?: string; fees?: Json; ... 15 more ...; withdrawal_address?: string; }'.
  Types of property 'metadata' are incompatible.
    Type '{ last_webhook_update: string; id: string; endTime: string; asset: RampAssetInfo; receiverAddress: string; cryptoAmount: string; fiatCurrency: string; fiatValue: number; ... 7 more ...; purchaseViewToken?: string; } | { ...; }' is not assignable to type 'Json'.
      Type '{ last_webhook_update: string; id: string; endTime: string; asset: RampAssetInfo; receiverAddress: string; cryptoAmount: string; fiatCurrency: string; fiatValue: number; paymentMethodType: RampPaymentMethod; ... 6 more ...; purchaseViewToken?: string; }' is not assignable to type 'Json'.
        Type '{ last_webhook_update: string; id: string; endTime: string; asset: RampAssetInfo; receiverAddress: string; cryptoAmount: string; fiatCurrency: string; fiatValue: number; paymentMethodType: RampPaymentMethod; ... 6 more ...; purchaseViewToken?: string; }' is not assignable to type '{ [key: string]: Json; }'.
          Property 'asset' is incompatible with index signature.
            Type 'RampAssetInfo' is not assignable to type 'Json'.
              Type 'RampAssetInfo' is not assignable to type '{ [key: string]: Json; }'.
                Index signature for type 'string' is missing in type 'RampAssetInfo'.
src/services/wallet/moonpay/core/NFTService.ts(2,79): error TS2307: Cannot find module '../MoonpayService' or its corresponding type declarations.
src/services/wallet/moonpay/core/NFTService.ts(61,19): error TS2589: Type instantiation is excessively deep and possibly infinite.
src/services/wallet/moonpay/core/NFTService.ts(62,15): error TS2769: No overload matches this call.
  Overload 1 of 2, '(relation: "approval_configs" | "roles" | "users" | "cap_tables" | "investors" | "projects" | "project_credentials" | "tokens" | "dfns_wallets" | "dfns_users" | "dfns_exchange_integrations" | ... 167 more ... | "whitelist_signatories"): PostgrestQueryBuilder<...>', gave the following error.
    Argument of type '"moonpay_passes"' is not assignable to parameter of type '"approval_configs" | "roles" | "users" | "cap_tables" | "investors" | "projects" | "project_credentials" | "tokens" | "dfns_wallets" | "dfns_users" | "dfns_exchange_integrations" | ... 167 more ... | "whitelist_signatories"'.
  Overload 2 of 2, '(relation: "approval_configs_with_approvers" | "user_permissions_view" | "token_erc1155_view" | "token_erc1400_view" | "token_erc20_view" | "token_erc3525_view" | "token_erc4626_view" | ... 17 more ... | "valid_policy_approvers"): PostgrestQueryBuilder<...>', gave the following error.
    Argument of type '"moonpay_passes"' is not assignable to parameter of type '"approval_configs_with_approvers" | "user_permissions_view" | "token_erc1155_view" | "token_erc1400_view" | "token_erc20_view" | "token_erc3525_view" | "token_erc4626_view" | ... 17 more ... | "valid_policy_approvers"'.
src/services/wallet/moonpay/core/NFTService.ts(66,37): error TS2589: Type instantiation is excessively deep and possibly infinite.
src/services/wallet/moonpay/core/NFTService.ts(67,43): error TS2589: Type instantiation is excessively deep and possibly infinite.
src/services/wallet/moonpay/core/NFTService.ts(68,40): error TS2589: Type instantiation is excessively deep and possibly infinite.
src/services/wallet/moonpay/core/NFTService.ts(69,34): error TS2589: Type instantiation is excessively deep and possibly infinite.
src/services/wallet/moonpay/core/NFTService.ts(97,37): error TS2589: Type instantiation is excessively deep and possibly infinite.
src/services/wallet/moonpay/core/NFTService.ts(98,15): error TS2769: No overload matches this call.
  Overload 1 of 2, '(relation: "approval_configs" | "roles" | "users" | "cap_tables" | "investors" | "projects" | "project_credentials" | "tokens" | "dfns_wallets" | "dfns_users" | "dfns_exchange_integrations" | ... 167 more ... | "whitelist_signatories"): PostgrestQueryBuilder<...>', gave the following error.
    Argument of type '"moonpay_passes"' is not assignable to parameter of type '"approval_configs" | "roles" | "users" | "cap_tables" | "investors" | "projects" | "project_credentials" | "tokens" | "dfns_wallets" | "dfns_users" | "dfns_exchange_integrations" | ... 167 more ... | "whitelist_signatories"'.
  Overload 2 of 2, '(relation: "approval_configs_with_approvers" | "user_permissions_view" | "token_erc1155_view" | "token_erc1400_view" | "token_erc20_view" | "token_erc3525_view" | "token_erc4626_view" | ... 17 more ... | "valid_policy_approvers"): PostgrestQueryBuilder<...>', gave the following error.
    Argument of type '"moonpay_passes"' is not assignable to parameter of type '"approval_configs_with_approvers" | "user_permissions_view" | "token_erc1155_view" | "token_erc1400_view" | "token_erc20_view" | "token_erc3525_view" | "token_erc4626_view" | ... 17 more ... | "valid_policy_approvers"'.
src/services/wallet/moonpay/core/NFTService.ts(139,37): error TS2589: Type instantiation is excessively deep and possibly infinite.
src/services/wallet/moonpay/core/NFTService.ts(140,15): error TS2769: No overload matches this call.
  Overload 1 of 2, '(relation: "approval_configs" | "roles" | "users" | "cap_tables" | "investors" | "projects" | "project_credentials" | "tokens" | "dfns_wallets" | "dfns_users" | "dfns_exchange_integrations" | ... 167 more ... | "whitelist_signatories"): PostgrestQueryBuilder<...>', gave the following error.
    Argument of type '"moonpay_passes"' is not assignable to parameter of type '"approval_configs" | "roles" | "users" | "cap_tables" | "investors" | "projects" | "project_credentials" | "tokens" | "dfns_wallets" | "dfns_users" | "dfns_exchange_integrations" | ... 167 more ... | "whitelist_signatories"'.
  Overload 2 of 2, '(relation: "approval_configs_with_approvers" | "user_permissions_view" | "token_erc1155_view" | "token_erc1400_view" | "token_erc20_view" | "token_erc3525_view" | "token_erc4626_view" | ... 17 more ... | "valid_policy_approvers"): PostgrestQueryBuilder<...>', gave the following error.
    Argument of type '"moonpay_passes"' is not assignable to parameter of type '"approval_configs_with_approvers" | "user_permissions_view" | "token_erc1155_view" | "token_erc1400_view" | "token_erc20_view" | "token_erc3525_view" | "token_erc4626_view" | ... 17 more ... | "valid_policy_approvers"'.
src/services/wallet/moonpay/core/NFTService.ts(210,37): error TS2589: Type instantiation is excessively deep and possibly infinite.
src/services/wallet/moonpay/core/NFTService.ts(211,15): error TS2769: No overload matches this call.
  Overload 1 of 2, '(relation: "approval_configs" | "roles" | "users" | "cap_tables" | "investors" | "projects" | "project_credentials" | "tokens" | "dfns_wallets" | "dfns_users" | "dfns_exchange_integrations" | ... 167 more ... | "whitelist_signatories"): PostgrestQueryBuilder<...>', gave the following error.
    Argument of type '"moonpay_passes"' is not assignable to parameter of type '"approval_configs" | "roles" | "users" | "cap_tables" | "investors" | "projects" | "project_credentials" | "tokens" | "dfns_wallets" | "dfns_users" | "dfns_exchange_integrations" | ... 167 more ... | "whitelist_signatories"'.
  Overload 2 of 2, '(relation: "approval_configs_with_approvers" | "user_permissions_view" | "token_erc1155_view" | "token_erc1400_view" | "token_erc20_view" | "token_erc3525_view" | "token_erc4626_view" | ... 17 more ... | "valid_policy_approvers"): PostgrestQueryBuilder<...>', gave the following error.
    Argument of type '"moonpay_passes"' is not assignable to parameter of type '"approval_configs_with_approvers" | "user_permissions_view" | "token_erc1155_view" | "token_erc1400_view" | "token_erc20_view" | "token_erc3525_view" | "token_erc4626_view" | ... 17 more ... | "valid_policy_approvers"'.
src/services/wallet/moonpay/core/NFTService.ts(239,37): error TS2589: Type instantiation is excessively deep and possibly infinite.
src/services/wallet/moonpay/core/NFTService.ts(240,15): error TS2769: No overload matches this call.
  Overload 1 of 2, '(relation: "approval_configs" | "roles" | "users" | "cap_tables" | "investors" | "projects" | "project_credentials" | "tokens" | "dfns_wallets" | "dfns_users" | "dfns_exchange_integrations" | ... 167 more ... | "whitelist_signatories"): PostgrestQueryBuilder<...>', gave the following error.
    Argument of type '"moonpay_passes"' is not assignable to parameter of type '"approval_configs" | "roles" | "users" | "cap_tables" | "investors" | "projects" | "project_credentials" | "tokens" | "dfns_wallets" | "dfns_users" | "dfns_exchange_integrations" | ... 167 more ... | "whitelist_signatories"'.
  Overload 2 of 2, '(relation: "approval_configs_with_approvers" | "user_permissions_view" | "token_erc1155_view" | "token_erc1400_view" | "token_erc20_view" | "token_erc3525_view" | "token_erc4626_view" | ... 17 more ... | "valid_policy_approvers"): PostgrestQueryBuilder<...>', gave the following error.
    Argument of type '"moonpay_passes"' is not assignable to parameter of type '"approval_configs_with_approvers" | "user_permissions_view" | "token_erc1155_view" | "token_erc1400_view" | "token_erc20_view" | "token_erc3525_view" | "token_erc4626_view" | ... 17 more ... | "valid_policy_approvers"'.
src/services/wallet/moonpay/core/NFTService.ts(272,15): error TS2769: No overload matches this call.
  Overload 1 of 2, '(relation: "approval_configs" | "roles" | "users" | "cap_tables" | "investors" | "projects" | "project_credentials" | "tokens" | "dfns_wallets" | "dfns_users" | "dfns_exchange_integrations" | ... 167 more ... | "whitelist_signatories"): PostgrestQueryBuilder<...>', gave the following error.
    Argument of type '"moonpay_passes"' is not assignable to parameter of type '"approval_configs" | "roles" | "users" | "cap_tables" | "investors" | "projects" | "project_credentials" | "tokens" | "dfns_wallets" | "dfns_users" | "dfns_exchange_integrations" | ... 167 more ... | "whitelist_signatories"'.
  Overload 2 of 2, '(relation: "approval_configs_with_approvers" | "user_permissions_view" | "token_erc1155_view" | "token_erc1400_view" | "token_erc20_view" | "token_erc3525_view" | "token_erc4626_view" | ... 17 more ... | "valid_policy_approvers"): PostgrestQueryBuilder<...>', gave the following error.
    Argument of type '"moonpay_passes"' is not assignable to parameter of type '"approval_configs_with_approvers" | "user_permissions_view" | "token_erc1155_view" | "token_erc1400_view" | "token_erc20_view" | "token_erc3525_view" | "token_erc4626_view" | ... 17 more ... | "valid_policy_approvers"'.
src/services/wallet/moonpay/core/NFTService.ts(289,22): error TS2339: Property 'status' does not exist on type 'SelectQueryError<"column 'status' does not exist on 'approval_configs'."> | SelectQueryError<"column 'status' does not exist on 'roles'."> | ... 176 more ... | SelectQueryError<...>'.
  Property 'status' does not exist on type 'SelectQueryError<"column 'status' does not exist on 'approval_configs'.">'.
src/services/wallet/moonpay/core/NFTService.ts(301,18): error TS2339: Property 'owner_address' does not exist on type 'SelectQueryError<"column 'status' does not exist on 'approval_configs'."> | SelectQueryError<"column 'status' does not exist on 'roles'."> | ... 176 more ... | SelectQueryError<...>'.
  Property 'owner_address' does not exist on type 'SelectQueryError<"column 'status' does not exist on 'approval_configs'.">'.
src/services/wallet/moonpay/core/NFTService.ts(302,27): error TS2339: Property 'owner_address' does not exist on type 'SelectQueryError<"column 'status' does not exist on 'approval_configs'."> | SelectQueryError<"column 'status' does not exist on 'roles'."> | ... 176 more ... | SelectQueryError<...>'.
  Property 'owner_address' does not exist on type 'SelectQueryError<"column 'status' does not exist on 'approval_configs'.">'.
src/services/wallet/moonpay/core/NFTService.ts(323,44): error TS2589: Type instantiation is excessively deep and possibly infinite.
src/services/wallet/moonpay/core/NFTService.ts(324,15): error TS2769: No overload matches this call.
  Overload 1 of 2, '(relation: "approval_configs" | "roles" | "users" | "cap_tables" | "investors" | "projects" | "project_credentials" | "tokens" | "dfns_wallets" | "dfns_users" | "dfns_exchange_integrations" | ... 167 more ... | "whitelist_signatories"): PostgrestQueryBuilder<...>', gave the following error.
    Argument of type '"moonpay_projects"' is not assignable to parameter of type '"approval_configs" | "roles" | "users" | "cap_tables" | "investors" | "projects" | "project_credentials" | "tokens" | "dfns_wallets" | "dfns_users" | "dfns_exchange_integrations" | ... 167 more ... | "whitelist_signatories"'.
  Overload 2 of 2, '(relation: "approval_configs_with_approvers" | "user_permissions_view" | "token_erc1155_view" | "token_erc1400_view" | "token_erc20_view" | "token_erc3525_view" | "token_erc4626_view" | ... 17 more ... | "valid_policy_approvers"): PostgrestQueryBuilder<...>', gave the following error.
    Argument of type '"moonpay_projects"' is not assignable to parameter of type '"approval_configs_with_approvers" | "user_permissions_view" | "token_erc1155_view" | "token_erc1400_view" | "token_erc20_view" | "token_erc3525_view" | "token_erc4626_view" | ... 17 more ... | "valid_policy_approvers"'.
src/services/wallet/moonpay/core/NFTService.ts(351,38): error TS2589: Type instantiation is excessively deep and possibly infinite.
src/services/wallet/moonpay/core/NFTService.ts(352,15): error TS2769: No overload matches this call.
  Overload 1 of 2, '(relation: "approval_configs" | "roles" | "users" | "cap_tables" | "investors" | "projects" | "project_credentials" | "tokens" | "dfns_wallets" | "dfns_users" | "dfns_exchange_integrations" | ... 167 more ... | "whitelist_signatories"): PostgrestQueryBuilder<...>', gave the following error.
    Argument of type '"moonpay_asset_cache"' is not assignable to parameter of type '"approval_configs" | "roles" | "users" | "cap_tables" | "investors" | "projects" | "project_credentials" | "tokens" | "dfns_wallets" | "dfns_users" | "dfns_exchange_integrations" | ... 167 more ... | "whitelist_signatories"'.
  Overload 2 of 2, '(relation: "approval_configs_with_approvers" | "user_permissions_view" | "token_erc1155_view" | "token_erc1400_view" | "token_erc20_view" | "token_erc3525_view" | "token_erc4626_view" | ... 17 more ... | "valid_policy_approvers"): PostgrestQueryBuilder<...>', gave the following error.
    Argument of type '"moonpay_asset_cache"' is not assignable to parameter of type '"approval_configs_with_approvers" | "user_permissions_view" | "token_erc1155_view" | "token_erc1400_view" | "token_erc20_view" | "token_erc3525_view" | "token_erc4626_view" | ... 17 more ... | "valid_policy_approvers"'.
src/services/wallet/moonpay/core/NFTService.ts(360,23): error TS2339: Property 'asset_data' does not exist on type 'SelectQueryError<"column 'asset_data' does not exist on 'approval_configs'."> | SelectQueryError<"column 'asset_data' does not exist on 'roles'."> | ... 176 more ... | SelectQueryError<...>'.
  Property 'asset_data' does not exist on type 'SelectQueryError<"column 'asset_data' does not exist on 'approval_configs'.">'.
src/services/wallet/moonpay/core/NFTService.ts(368,15): error TS2769: No overload matches this call.
  Overload 1 of 2, '(relation: "approval_configs" | "roles" | "users" | "cap_tables" | "investors" | "projects" | "project_credentials" | "tokens" | "dfns_wallets" | "dfns_users" | "dfns_exchange_integrations" | ... 167 more ... | "whitelist_signatories"): PostgrestQueryBuilder<...>', gave the following error.
    Argument of type '"moonpay_asset_cache"' is not assignable to parameter of type '"approval_configs" | "roles" | "users" | "cap_tables" | "investors" | "projects" | "project_credentials" | "tokens" | "dfns_wallets" | "dfns_users" | "dfns_exchange_integrations" | ... 167 more ... | "whitelist_signatories"'.
  Overload 2 of 2, '(relation: "approval_configs_with_approvers" | "user_permissions_view" | "token_erc1155_view" | "token_erc1400_view" | "token_erc20_view" | "token_erc3525_view" | "token_erc4626_view" | ... 17 more ... | "valid_policy_approvers"): PostgrestQueryBuilder<...>', gave the following error.
    Argument of type '"moonpay_asset_cache"' is not assignable to parameter of type '"approval_configs_with_approvers" | "user_permissions_view" | "token_erc1155_view" | "token_erc1400_view" | "token_erc20_view" | "token_erc3525_view" | "token_erc4626_view" | ... 17 more ... | "valid_policy_approvers"'.
src/services/wallet/moonpay/core/SwapService.ts(7,8): error TS2307: Cannot find module '../MoonpayService' or its corresponding type declarations.
src/services/wallet/moonpay/core/SwapService.ts(236,17): error TS2769: No overload matches this call.
  Overload 1 of 2, '(relation: "approval_configs" | "roles" | "users" | "cap_tables" | "investors" | "projects" | "project_credentials" | "tokens" | "dfns_wallets" | "dfns_users" | "dfns_exchange_integrations" | ... 167 more ... | "whitelist_signatories"): PostgrestQueryBuilder<...>', gave the following error.
    Argument of type '"moonpay_swap_transactions"' is not assignable to parameter of type '"approval_configs" | "roles" | "users" | "cap_tables" | "investors" | "projects" | "project_credentials" | "tokens" | "dfns_wallets" | "dfns_users" | "dfns_exchange_integrations" | ... 167 more ... | "whitelist_signatories"'.
  Overload 2 of 2, '(relation: "approval_configs_with_approvers" | "user_permissions_view" | "token_erc1155_view" | "token_erc1400_view" | "token_erc20_view" | "token_erc3525_view" | "token_erc4626_view" | ... 17 more ... | "valid_policy_approvers"): PostgrestQueryBuilder<...>', gave the following error.
    Argument of type '"moonpay_swap_transactions"' is not assignable to parameter of type '"approval_configs_with_approvers" | "user_permissions_view" | "token_erc1155_view" | "token_erc1400_view" | "token_erc20_view" | "token_erc3525_view" | "token_erc4626_view" | ... 17 more ... | "valid_policy_approvers"'.
src/services/wallet/moonpay/core/SwapService.ts(265,15): error TS2769: No overload matches this call.
  Overload 1 of 2, '(relation: "approval_configs" | "roles" | "users" | "cap_tables" | "investors" | "projects" | "project_credentials" | "tokens" | "dfns_wallets" | "dfns_users" | "dfns_exchange_integrations" | ... 167 more ... | "whitelist_signatories"): PostgrestQueryBuilder<...>', gave the following error.
    Argument of type '"moonpay_swap_transactions"' is not assignable to parameter of type '"approval_configs" | "roles" | "users" | "cap_tables" | "investors" | "projects" | "project_credentials" | "tokens" | "dfns_wallets" | "dfns_users" | "dfns_exchange_integrations" | ... 167 more ... | "whitelist_signatories"'.
  Overload 2 of 2, '(relation: "approval_configs_with_approvers" | "user_permissions_view" | "token_erc1155_view" | "token_erc1400_view" | "token_erc20_view" | "token_erc3525_view" | "token_erc4626_view" | ... 17 more ... | "valid_policy_approvers"): PostgrestQueryBuilder<...>', gave the following error.
    Argument of type '"moonpay_swap_transactions"' is not assignable to parameter of type '"approval_configs_with_approvers" | "user_permissions_view" | "token_erc1155_view" | "token_erc1400_view" | "token_erc20_view" | "token_erc3525_view" | "token_erc4626_view" | ... 17 more ... | "valid_policy_approvers"'.
src/services/wallet/moonpay/core/SwapService.ts(276,16): error TS2339: Property 'from_address' does not exist on type 'SelectQueryError<"column 'base_currency' does not exist on 'approval_configs'."> | SelectQueryError<"column 'base_currency' does not exist on 'roles'."> | ... 176 more ... | SelectQueryError<...>'.
  Property 'from_address' does not exist on type 'SelectQueryError<"column 'base_currency' does not exist on 'approval_configs'.">'.
src/services/wallet/moonpay/core/SwapService.ts(278,29): error TS2339: Property 'base_currency' does not exist on type 'SelectQueryError<"column 'base_currency' does not exist on 'approval_configs'."> | SelectQueryError<"column 'base_currency' does not exist on 'roles'."> | ... 176 more ... | SelectQueryError<...>'.
  Property 'base_currency' does not exist on type 'SelectQueryError<"column 'base_currency' does not exist on 'approval_configs'.">'.
src/services/wallet/moonpay/core/SwapService.ts(278,63): error TS2339: Property 'base_currency' does not exist on type 'SelectQueryError<"column 'base_currency' does not exist on 'approval_configs'."> | SelectQueryError<"column 'base_currency' does not exist on 'roles'."> | ... 176 more ... | SelectQueryError<...>'.
  Property 'base_currency' does not exist on type 'SelectQueryError<"column 'base_currency' does not exist on 'approval_configs'.">'.
src/services/wallet/moonpay/core/SwapService.ts(278,89): error TS2339: Property 'base_amount' does not exist on type 'SelectQueryError<"column 'base_currency' does not exist on 'approval_configs'."> | SelectQueryError<"column 'base_currency' does not exist on 'roles'."> | ... 176 more ... | SelectQueryError<...>'.
  Property 'base_amount' does not exist on type 'SelectQueryError<"column 'base_currency' does not exist on 'approval_configs'.">'.
src/services/wallet/moonpay/core/SwapService.ts(280,16): error TS2339: Property 'to_address' does not exist on type 'SelectQueryError<"column 'base_currency' does not exist on 'approval_configs'."> | SelectQueryError<"column 'base_currency' does not exist on 'roles'."> | ... 176 more ... | SelectQueryError<...>'.
  Property 'to_address' does not exist on type 'SelectQueryError<"column 'base_currency' does not exist on 'approval_configs'.">'.
src/services/wallet/moonpay/core/SwapService.ts(282,29): error TS2339: Property 'quote_currency' does not exist on type 'SelectQueryError<"column 'base_currency' does not exist on 'approval_configs'."> | SelectQueryError<"column 'base_currency' does not exist on 'roles'."> | ... 176 more ... | SelectQueryError<...>'.
  Property 'quote_currency' does not exist on type 'SelectQueryError<"column 'base_currency' does not exist on 'approval_configs'.">'.
src/services/wallet/moonpay/core/SwapService.ts(282,64): error TS2339: Property 'quote_currency' does not exist on type 'SelectQueryError<"column 'base_currency' does not exist on 'approval_configs'."> | SelectQueryError<"column 'base_currency' does not exist on 'roles'."> | ... 176 more ... | SelectQueryError<...>'.
  Property 'quote_currency' does not exist on type 'SelectQueryError<"column 'base_currency' does not exist on 'approval_configs'.">'.
src/services/wallet/moonpay/core/SwapService.ts(282,91): error TS2339: Property 'quote_amount' does not exist on type 'SelectQueryError<"column 'base_currency' does not exist on 'approval_configs'."> | SelectQueryError<"column 'base_currency' does not exist on 'roles'."> | ... 176 more ... | SelectQueryError<...>'.
  Property 'quote_amount' does not exist on type 'SelectQueryError<"column 'base_currency' does not exist on 'approval_configs'.">'.
src/services/wallet/moonpay/core/SwapService.ts(327,15): error TS2769: No overload matches this call.
  Overload 1 of 2, '(relation: "approval_configs" | "roles" | "users" | "cap_tables" | "investors" | "projects" | "project_credentials" | "tokens" | "dfns_wallets" | "dfns_users" | "dfns_exchange_integrations" | ... 167 more ... | "whitelist_signatories"): PostgrestQueryBuilder<...>', gave the following error.
    Argument of type '"moonpay_swap_transactions"' is not assignable to parameter of type '"approval_configs" | "roles" | "users" | "cap_tables" | "investors" | "projects" | "project_credentials" | "tokens" | "dfns_wallets" | "dfns_users" | "dfns_exchange_integrations" | ... 167 more ... | "whitelist_signatories"'.
  Overload 2 of 2, '(relation: "approval_configs_with_approvers" | "user_permissions_view" | "token_erc1155_view" | "token_erc1400_view" | "token_erc20_view" | "token_erc3525_view" | "token_erc4626_view" | ... 17 more ... | "valid_policy_approvers"): PostgrestQueryBuilder<...>', gave the following error.
    Argument of type '"moonpay_swap_transactions"' is not assignable to parameter of type '"approval_configs_with_approvers" | "user_permissions_view" | "token_erc1155_view" | "token_erc1400_view" | "token_erc20_view" | "token_erc3525_view" | "token_erc4626_view" | ... 17 more ... | "valid_policy_approvers"'.
src/services/wallet/moonpay/core/SwapService.ts(443,15): error TS2769: No overload matches this call.
  Overload 1 of 2, '(relation: "approval_configs" | "roles" | "users" | "cap_tables" | "investors" | "projects" | "project_credentials" | "tokens" | "dfns_wallets" | "dfns_users" | "dfns_exchange_integrations" | ... 167 more ... | "whitelist_signatories"): PostgrestQueryBuilder<...>', gave the following error.
    Argument of type '"moonpay_swap_transactions"' is not assignable to parameter of type '"approval_configs" | "roles" | "users" | "cap_tables" | "investors" | "projects" | "project_credentials" | "tokens" | "dfns_wallets" | "dfns_users" | "dfns_exchange_integrations" | ... 167 more ... | "whitelist_signatories"'.
  Overload 2 of 2, '(relation: "approval_configs_with_approvers" | "user_permissions_view" | "token_erc1155_view" | "token_erc1400_view" | "token_erc20_view" | "token_erc3525_view" | "token_erc4626_view" | ... 17 more ... | "valid_policy_approvers"): PostgrestQueryBuilder<...>', gave the following error.
    Argument of type '"moonpay_swap_transactions"' is not assignable to parameter of type '"approval_configs_with_approvers" | "user_permissions_view" | "token_erc1155_view" | "token_erc1400_view" | "token_erc20_view" | "token_erc3525_view" | "token_erc4626_view" | ... 17 more ... | "valid_policy_approvers"'.
src/services/wallet/moonpay/core/WebhookHandler.ts(236,9): error TS2352: Conversion of type '{ id: string; type: "unknown"; }' to type 'WebhookEvent' may be a mistake because neither type sufficiently overlaps with the other. If this was intentional, convert the expression to 'unknown' first.
  Type '{ id: string; type: "unknown"; }' is missing the following properties from type 'WebhookEvent': data, environment, timestamp, api_version, source
src/services/wallet/moonpay/core/WebhookHandler.ts(514,13): error TS2769: No overload matches this call.
  Overload 1 of 2, '(relation: "approval_configs" | "roles" | "users" | "cap_tables" | "investors" | "projects" | "project_credentials" | "tokens" | "dfns_wallets" | "dfns_users" | "dfns_exchange_integrations" | ... 167 more ... | "whitelist_signatories"): PostgrestQueryBuilder<...>', gave the following error.
    Argument of type '"moonpay_webhook_events"' is not assignable to parameter of type '"approval_configs" | "roles" | "users" | "cap_tables" | "investors" | "projects" | "project_credentials" | "tokens" | "dfns_wallets" | "dfns_users" | "dfns_exchange_integrations" | ... 167 more ... | "whitelist_signatories"'.
  Overload 2 of 2, '(relation: "approval_configs_with_approvers" | "user_permissions_view" | "token_erc1155_view" | "token_erc1400_view" | "token_erc20_view" | "token_erc3525_view" | "token_erc4626_view" | ... 17 more ... | "valid_policy_approvers"): PostgrestQueryBuilder<...>', gave the following error.
    Argument of type '"moonpay_webhook_events"' is not assignable to parameter of type '"approval_configs_with_approvers" | "user_permissions_view" | "token_erc1155_view" | "token_erc1400_view" | "token_erc20_view" | "token_erc3525_view" | "token_erc4626_view" | ... 17 more ... | "valid_policy_approvers"'.
src/services/wallet/moonpay/core/WebhookHandler.ts(525,17): error TS2339: Property 'id' does not exist on type 'SelectQueryError<"column 'id' does not exist on 'approval_configs'."> | SelectQueryError<"column 'id' does not exist on 'roles'."> | ... 176 more ... | SelectQueryError<...>'.
  Property 'id' does not exist on type 'SelectQueryError<"column 'id' does not exist on 'approval_configs'.">'.
src/services/wallet/moonpay/core/WebhookHandler.ts(532,11): error TS2589: Type instantiation is excessively deep and possibly infinite.
src/services/wallet/moonpay/core/WebhookHandler.ts(533,13): error TS2769: No overload matches this call.
  Overload 1 of 2, '(relation: "approval_configs" | "roles" | "users" | "cap_tables" | "investors" | "projects" | "project_credentials" | "tokens" | "dfns_wallets" | "dfns_users" | "dfns_exchange_integrations" | ... 167 more ... | "whitelist_signatories"): PostgrestQueryBuilder<...>', gave the following error.
    Argument of type '"moonpay_webhook_events"' is not assignable to parameter of type '"approval_configs" | "roles" | "users" | "cap_tables" | "investors" | "projects" | "project_credentials" | "tokens" | "dfns_wallets" | "dfns_users" | "dfns_exchange_integrations" | ... 167 more ... | "whitelist_signatories"'.
  Overload 2 of 2, '(relation: "approval_configs_with_approvers" | "user_permissions_view" | "token_erc1155_view" | "token_erc1400_view" | "token_erc20_view" | "token_erc3525_view" | "token_erc4626_view" | ... 17 more ... | "valid_policy_approvers"): PostgrestQueryBuilder<...>', gave the following error.
    Argument of type '"moonpay_webhook_events"' is not assignable to parameter of type '"approval_configs_with_approvers" | "user_permissions_view" | "token_erc1155_view" | "token_erc1400_view" | "token_erc20_view" | "token_erc3525_view" | "token_erc4626_view" | ... 17 more ... | "valid_policy_approvers"'.
src/services/wallet/moonpay/core/WebhookHandler.ts(547,13): error TS2769: No overload matches this call.
  Overload 1 of 2, '(relation: "approval_configs" | "roles" | "users" | "cap_tables" | "investors" | "projects" | "project_credentials" | "tokens" | "dfns_wallets" | "dfns_users" | "dfns_exchange_integrations" | ... 167 more ... | "whitelist_signatories"): PostgrestQueryBuilder<...>', gave the following error.
    Argument of type '"moonpay_webhook_events"' is not assignable to parameter of type '"approval_configs" | "roles" | "users" | "cap_tables" | "investors" | "projects" | "project_credentials" | "tokens" | "dfns_wallets" | "dfns_users" | "dfns_exchange_integrations" | ... 167 more ... | "whitelist_signatories"'.
  Overload 2 of 2, '(relation: "approval_configs_with_approvers" | "user_permissions_view" | "token_erc1155_view" | "token_erc1400_view" | "token_erc20_view" | "token_erc3525_view" | "token_erc4626_view" | ... 17 more ... | "valid_policy_approvers"): PostgrestQueryBuilder<...>', gave the following error.
    Argument of type '"moonpay_webhook_events"' is not assignable to parameter of type '"approval_configs_with_approvers" | "user_permissions_view" | "token_erc1155_view" | "token_erc1400_view" | "token_erc20_view" | "token_erc3525_view" | "token_erc4626_view" | ... 17 more ... | "valid_policy_approvers"'.
src/services/wallet/moonpay/core/WebhookHandler.ts(564,13): error TS2769: No overload matches this call.
  Overload 1 of 2, '(relation: "approval_configs" | "roles" | "users" | "cap_tables" | "investors" | "projects" | "project_credentials" | "tokens" | "dfns_wallets" | "dfns_users" | "dfns_exchange_integrations" | ... 167 more ... | "whitelist_signatories"): PostgrestQueryBuilder<...>', gave the following error.
    Argument of type '"moonpay_webhook_config"' is not assignable to parameter of type '"approval_configs" | "roles" | "users" | "cap_tables" | "investors" | "projects" | "project_credentials" | "tokens" | "dfns_wallets" | "dfns_users" | "dfns_exchange_integrations" | ... 167 more ... | "whitelist_signatories"'.
  Overload 2 of 2, '(relation: "approval_configs_with_approvers" | "user_permissions_view" | "token_erc1155_view" | "token_erc1400_view" | "token_erc20_view" | "token_erc3525_view" | "token_erc4626_view" | ... 17 more ... | "valid_policy_approvers"): PostgrestQueryBuilder<...>', gave the following error.
    Argument of type '"moonpay_webhook_config"' is not assignable to parameter of type '"approval_configs_with_approvers" | "user_permissions_view" | "token_erc1155_view" | "token_erc1400_view" | "token_erc20_view" | "token_erc3525_view" | "token_erc4626_view" | ... 17 more ... | "valid_policy_approvers"'.
src/services/wallet/moonpay/core/WebhookHandler.ts(582,11): error TS2589: Type instantiation is excessively deep and possibly infinite.
src/services/wallet/moonpay/core/WebhookHandler.ts(583,13): error TS2769: No overload matches this call.
  Overload 1 of 2, '(relation: "approval_configs" | "roles" | "users" | "cap_tables" | "investors" | "projects" | "project_credentials" | "tokens" | "dfns_wallets" | "dfns_users" | "dfns_exchange_integrations" | ... 167 more ... | "whitelist_signatories"): PostgrestQueryBuilder<...>', gave the following error.
    Argument of type '"moonpay_webhook_config"' is not assignable to parameter of type '"approval_configs" | "roles" | "users" | "cap_tables" | "investors" | "projects" | "project_credentials" | "tokens" | "dfns_wallets" | "dfns_users" | "dfns_exchange_integrations" | ... 167 more ... | "whitelist_signatories"'.
  Overload 2 of 2, '(relation: "approval_configs_with_approvers" | "user_permissions_view" | "token_erc1155_view" | "token_erc1400_view" | "token_erc20_view" | "token_erc3525_view" | "token_erc4626_view" | ... 17 more ... | "valid_policy_approvers"): PostgrestQueryBuilder<...>', gave the following error.
    Argument of type '"moonpay_webhook_config"' is not assignable to parameter of type '"approval_configs_with_approvers" | "user_permissions_view" | "token_erc1155_view" | "token_erc1400_view" | "token_erc20_view" | "token_erc3525_view" | "token_erc4626_view" | ... 17 more ... | "valid_policy_approvers"'.
src/services/wallet/moonpay/core/WebhookHandler.ts(596,13): error TS2769: No overload matches this call.
  Overload 1 of 2, '(relation: "approval_configs" | "roles" | "users" | "cap_tables" | "investors" | "projects" | "project_credentials" | "tokens" | "dfns_wallets" | "dfns_users" | "dfns_exchange_integrations" | ... 167 more ... | "whitelist_signatories"): PostgrestQueryBuilder<...>', gave the following error.
    Argument of type '"moonpay_webhook_config"' is not assignable to parameter of type '"approval_configs" | "roles" | "users" | "cap_tables" | "investors" | "projects" | "project_credentials" | "tokens" | "dfns_wallets" | "dfns_users" | "dfns_exchange_integrations" | ... 167 more ... | "whitelist_signatories"'.
  Overload 2 of 2, '(relation: "approval_configs_with_approvers" | "user_permissions_view" | "token_erc1155_view" | "token_erc1400_view" | "token_erc20_view" | "token_erc3525_view" | "token_erc4626_view" | ... 17 more ... | "valid_policy_approvers"): PostgrestQueryBuilder<...>', gave the following error.
    Argument of type '"moonpay_webhook_config"' is not assignable to parameter of type '"approval_configs_with_approvers" | "user_permissions_view" | "token_erc1155_view" | "token_erc1400_view" | "token_erc20_view" | "token_erc3525_view" | "token_erc4626_view" | ... 17 more ... | "valid_policy_approvers"'.
src/services/wallet/moonpay/core/WebhookHandler.ts(699,11): error TS2589: Type instantiation is excessively deep and possibly infinite.
src/services/wallet/moonpay/core/WebhookHandler.ts(700,13): error TS2769: No overload matches this call.
  Overload 1 of 2, '(relation: "approval_configs" | "roles" | "users" | "cap_tables" | "investors" | "projects" | "project_credentials" | "tokens" | "dfns_wallets" | "dfns_users" | "dfns_exchange_integrations" | ... 167 more ... | "whitelist_signatories"): PostgrestQueryBuilder<...>', gave the following error.
    Argument of type '"moonpay_swap_transactions"' is not assignable to parameter of type '"approval_configs" | "roles" | "users" | "cap_tables" | "investors" | "projects" | "project_credentials" | "tokens" | "dfns_wallets" | "dfns_users" | "dfns_exchange_integrations" | ... 167 more ... | "whitelist_signatories"'.
  Overload 2 of 2, '(relation: "approval_configs_with_approvers" | "user_permissions_view" | "token_erc1155_view" | "token_erc1400_view" | "token_erc20_view" | "token_erc3525_view" | "token_erc4626_view" | ... 17 more ... | "valid_policy_approvers"): PostgrestQueryBuilder<...>', gave the following error.
    Argument of type '"moonpay_swap_transactions"' is not assignable to parameter of type '"approval_configs_with_approvers" | "user_permissions_view" | "token_erc1155_view" | "token_erc1400_view" | "token_erc20_view" | "token_erc3525_view" | "token_erc4626_view" | ... 17 more ... | "valid_policy_approvers"'.
src/services/wallet/moonpay/core/WebhookHandler.ts(725,11): error TS2589: Type instantiation is excessively deep and possibly infinite.
src/services/wallet/moonpay/core/WebhookHandler.ts(726,13): error TS2769: No overload matches this call.
  Overload 1 of 2, '(relation: "approval_configs" | "roles" | "users" | "cap_tables" | "investors" | "projects" | "project_credentials" | "tokens" | "dfns_wallets" | "dfns_users" | "dfns_exchange_integrations" | ... 167 more ... | "whitelist_signatories"): PostgrestQueryBuilder<...>', gave the following error.
    Argument of type '"moonpay_customers"' is not assignable to parameter of type '"approval_configs" | "roles" | "users" | "cap_tables" | "investors" | "projects" | "project_credentials" | "tokens" | "dfns_wallets" | "dfns_users" | "dfns_exchange_integrations" | ... 167 more ... | "whitelist_signatories"'.
  Overload 2 of 2, '(relation: "approval_configs_with_approvers" | "user_permissions_view" | "token_erc1155_view" | "token_erc1400_view" | "token_erc20_view" | "token_erc3525_view" | "token_erc4626_view" | ... 17 more ... | "valid_policy_approvers"): PostgrestQueryBuilder<...>', gave the following error.
    Argument of type '"moonpay_customers"' is not assignable to parameter of type '"approval_configs_with_approvers" | "user_permissions_view" | "token_erc1155_view" | "token_erc1400_view" | "token_erc20_view" | "token_erc3525_view" | "token_erc4626_view" | ... 17 more ... | "valid_policy_approvers"'.
src/services/wallet/moonpay/core/WebhookHandler.ts(751,13): error TS2589: Type instantiation is excessively deep and possibly infinite.
src/services/wallet/moonpay/core/WebhookHandler.ts(752,15): error TS2769: No overload matches this call.
  Overload 1 of 2, '(relation: "approval_configs" | "roles" | "users" | "cap_tables" | "investors" | "projects" | "project_credentials" | "tokens" | "dfns_wallets" | "dfns_users" | "dfns_exchange_integrations" | ... 167 more ... | "whitelist_signatories"): PostgrestQueryBuilder<...>', gave the following error.
    Argument of type '"moonpay_passes"' is not assignable to parameter of type '"approval_configs" | "roles" | "users" | "cap_tables" | "investors" | "projects" | "project_credentials" | "tokens" | "dfns_wallets" | "dfns_users" | "dfns_exchange_integrations" | ... 167 more ... | "whitelist_signatories"'.
  Overload 2 of 2, '(relation: "approval_configs_with_approvers" | "user_permissions_view" | "token_erc1155_view" | "token_erc1400_view" | "token_erc20_view" | "token_erc3525_view" | "token_erc4626_view" | ... 17 more ... | "valid_policy_approvers"): PostgrestQueryBuilder<...>', gave the following error.
    Argument of type '"moonpay_passes"' is not assignable to parameter of type '"approval_configs_with_approvers" | "user_permissions_view" | "token_erc1155_view" | "token_erc1400_view" | "token_erc20_view" | "token_erc3525_view" | "token_erc4626_view" | ... 17 more ... | "valid_policy_approvers"'.
src/services/wallet/moonpay/core/WebhookHandler.ts(776,13): error TS2769: No overload matches this call.
  Overload 1 of 2, '(relation: "approval_configs" | "roles" | "users" | "cap_tables" | "investors" | "projects" | "project_credentials" | "tokens" | "dfns_wallets" | "dfns_users" | "dfns_exchange_integrations" | ... 167 more ... | "whitelist_signatories"): PostgrestQueryBuilder<...>', gave the following error.
    Argument of type '"moonpay_compliance_alerts"' is not assignable to parameter of type '"approval_configs" | "roles" | "users" | "cap_tables" | "investors" | "projects" | "project_credentials" | "tokens" | "dfns_wallets" | "dfns_users" | "dfns_exchange_integrations" | ... 167 more ... | "whitelist_signatories"'.
  Overload 2 of 2, '(relation: "approval_configs_with_approvers" | "user_permissions_view" | "token_erc1155_view" | "token_erc1400_view" | "token_erc20_view" | "token_erc3525_view" | "token_erc4626_view" | ... 17 more ... | "valid_policy_approvers"): PostgrestQueryBuilder<...>', gave the following error.
    Argument of type '"moonpay_compliance_alerts"' is not assignable to parameter of type '"approval_configs_with_approvers" | "user_permissions_view" | "token_erc1155_view" | "token_erc1400_view" | "token_erc20_view" | "token_erc3525_view" | "token_erc4626_view" | ... 17 more ... | "valid_policy_approvers"'.
src/services/wallet/moonpay/core/WebhookHandler.ts(778,9): error TS2769: No overload matches this call.
  Overload 1 of 2, '(values: { assignee?: string; created_at?: string; description?: string; id?: string; metadata?: Json; service: string; severity: string; status?: string; title: string; updated_at?: string; } | { approval_config_id: string; ... 8 more ...; updated_at?: string; } | ... 176 more ... | { ...; }, options?: { ...; }): PostgrestFilterBuilder<...>', gave the following error.
    Object literal may only specify known properties, and 'alert_id' does not exist in type '{ assignee?: string; created_at?: string; description?: string; id?: string; metadata?: Json; service: string; severity: string; status?: string; title: string; updated_at?: string; } | { approval_config_id: string; ... 8 more ...; updated_at?: string; } | ... 176 more ... | { ...; }'.
  Overload 2 of 2, '(values: ({ assignee?: string; created_at?: string; description?: string; id?: string; metadata?: Json; service: string; severity: string; status?: string; title: string; updated_at?: string; } | { approval_config_id: string; ... 8 more ...; updated_at?: string; } | ... 176 more ... | { ...; })[], options?: { ...; }): PostgrestFilterBuilder<...>', gave the following error.
    Object literal may only specify known properties, and 'alert_id' does not exist in type '({ assignee?: string; created_at?: string; description?: string; id?: string; metadata?: Json; service: string; severity: string; status?: string; title: string; updated_at?: string; } | { approval_config_id: string; ... 8 more ...; updated_at?: string; } | ... 176 more ... | { ...; })[]'.
src/services/wallet/moonpay/core/WebhookHandler.ts(798,13): error TS2769: No overload matches this call.
  Overload 1 of 2, '(relation: "approval_configs" | "roles" | "users" | "cap_tables" | "investors" | "projects" | "project_credentials" | "tokens" | "dfns_wallets" | "dfns_users" | "dfns_exchange_integrations" | ... 167 more ... | "whitelist_signatories"): PostgrestQueryBuilder<...>', gave the following error.
    Argument of type '"moonpay_policy_logs"' is not assignable to parameter of type '"approval_configs" | "roles" | "users" | "cap_tables" | "investors" | "projects" | "project_credentials" | "tokens" | "dfns_wallets" | "dfns_users" | "dfns_exchange_integrations" | ... 167 more ... | "whitelist_signatories"'.
  Overload 2 of 2, '(relation: "approval_configs_with_approvers" | "user_permissions_view" | "token_erc1155_view" | "token_erc1400_view" | "token_erc20_view" | "token_erc3525_view" | "token_erc4626_view" | ... 17 more ... | "valid_policy_approvers"): PostgrestQueryBuilder<...>', gave the following error.
    Argument of type '"moonpay_policy_logs"' is not assignable to parameter of type '"approval_configs_with_approvers" | "user_permissions_view" | "token_erc1155_view" | "token_erc1400_view" | "token_erc20_view" | "token_erc3525_view" | "token_erc4626_view" | ... 17 more ... | "valid_policy_approvers"'.
src/services/wallet/moonpay/core/WebhookHandler.ts(851,42): error TS2589: Type instantiation is excessively deep and possibly infinite.
src/services/wallet/moonpay/core/WebhookHandler.ts(851,42): error TS2589: Type instantiation is excessively deep and possibly infinite.
src/services/wallet/moonpay/core/WebhookHandler.ts(852,13): error TS2769: No overload matches this call.
  Overload 1 of 2, '(relation: "approval_configs" | "roles" | "users" | "cap_tables" | "investors" | "projects" | "project_credentials" | "tokens" | "dfns_wallets" | "dfns_users" | "dfns_exchange_integrations" | ... 167 more ... | "whitelist_signatories"): PostgrestQueryBuilder<...>', gave the following error.
    Argument of type '"moonpay_webhook_events"' is not assignable to parameter of type '"approval_configs" | "roles" | "users" | "cap_tables" | "investors" | "projects" | "project_credentials" | "tokens" | "dfns_wallets" | "dfns_users" | "dfns_exchange_integrations" | ... 167 more ... | "whitelist_signatories"'.
  Overload 2 of 2, '(relation: "approval_configs_with_approvers" | "user_permissions_view" | "token_erc1155_view" | "token_erc1400_view" | "token_erc20_view" | "token_erc3525_view" | "token_erc4626_view" | ... 17 more ... | "valid_policy_approvers"): PostgrestQueryBuilder<...>', gave the following error.
    Argument of type '"moonpay_webhook_events"' is not assignable to parameter of type '"approval_configs_with_approvers" | "user_permissions_view" | "token_erc1155_view" | "token_erc1400_view" | "token_erc20_view" | "token_erc3525_view" | "token_erc4626_view" | ... 17 more ... | "valid_policy_approvers"'.
src/services/wallet/moonpay/core/WebhookHandler.ts(867,17): error TS2769: No overload matches this call.
  Overload 1 of 2, '(relation: "approval_configs" | "roles" | "users" | "cap_tables" | "investors" | "projects" | "project_credentials" | "tokens" | "dfns_wallets" | "dfns_users" | "dfns_exchange_integrations" | ... 167 more ... | "whitelist_signatories"): PostgrestQueryBuilder<...>', gave the following error.
    Argument of type '"moonpay_webhook_events"' is not assignable to parameter of type '"approval_configs" | "roles" | "users" | "cap_tables" | "investors" | "projects" | "project_credentials" | "tokens" | "dfns_wallets" | "dfns_users" | "dfns_exchange_integrations" | ... 167 more ... | "whitelist_signatories"'.
  Overload 2 of 2, '(relation: "approval_configs_with_approvers" | "user_permissions_view" | "token_erc1155_view" | "token_erc1400_view" | "token_erc20_view" | "token_erc3525_view" | "token_erc4626_view" | ... 17 more ... | "valid_policy_approvers"): PostgrestQueryBuilder<...>', gave the following error.
    Argument of type '"moonpay_webhook_events"' is not assignable to parameter of type '"approval_configs_with_approvers" | "user_permissions_view" | "token_erc1155_view" | "token_erc1400_view" | "token_erc20_view" | "token_erc3525_view" | "token_erc4626_view" | ... 17 more ... | "valid_policy_approvers"'.
src/services/wallet/moonpay/core/WebhookHandler.ts(869,13): error TS2353: Object literal may only specify known properties, and 'processing_attempts' does not exist in type '{ assignee?: string; created_at?: string; description?: string; id?: string; metadata?: Json; service?: string; severity?: string; status?: string; title?: string; updated_at?: string; } | { approval_config_id?: string; ... 8 more ...; updated_at?: string; } | ... 176 more ... | { ...; }'.
src/services/wallet/moonpay/core/WebhookHandler.ts(869,40): error TS2339: Property 'processing_attempts' does not exist on type 'ResultOne'.
src/services/wallet/moonpay/core/WebhookHandler.ts(871,27): error TS2339: Property 'id' does not exist on type 'ResultOne'.
src/services/wallet/moonpay/core/WebhookHandler.ts(874,59): error TS2339: Property 'event_data' does not exist on type 'ResultOne'.
src/services/wallet/moonpay/core/WebhookHandler.ts(877,49): error TS2339: Property 'id' does not exist on type 'ResultOne'.
src/services/wallet/moonpay/core/WebhookHandler.ts(882,17): error TS2769: No overload matches this call.
  Overload 1 of 2, '(relation: "approval_configs" | "roles" | "users" | "cap_tables" | "investors" | "projects" | "project_credentials" | "tokens" | "dfns_wallets" | "dfns_users" | "dfns_exchange_integrations" | ... 167 more ... | "whitelist_signatories"): PostgrestQueryBuilder<...>', gave the following error.
    Argument of type '"moonpay_webhook_events"' is not assignable to parameter of type '"approval_configs" | "roles" | "users" | "cap_tables" | "investors" | "projects" | "project_credentials" | "tokens" | "dfns_wallets" | "dfns_users" | "dfns_exchange_integrations" | ... 167 more ... | "whitelist_signatories"'.
  Overload 2 of 2, '(relation: "approval_configs_with_approvers" | "user_permissions_view" | "token_erc1155_view" | "token_erc1400_view" | "token_erc20_view" | "token_erc3525_view" | "token_erc4626_view" | ... 17 more ... | "valid_policy_approvers"): PostgrestQueryBuilder<...>', gave the following error.
    Argument of type '"moonpay_webhook_events"' is not assignable to parameter of type '"approval_configs_with_approvers" | "user_permissions_view" | "token_erc1155_view" | "token_erc1400_view" | "token_erc20_view" | "token_erc3525_view" | "token_erc4626_view" | ... 17 more ... | "valid_policy_approvers"'.
src/services/wallet/moonpay/core/WebhookHandler.ts(884,13): error TS2353: Object literal may only specify known properties, and 'last_processing_error' does not exist in type '{ assignee?: string; created_at?: string; description?: string; id?: string; metadata?: Json; service?: string; severity?: string; status?: string; title?: string; updated_at?: string; } | { approval_config_id?: string; ... 8 more ...; updated_at?: string; } | ... 176 more ... | { ...; }'.
src/services/wallet/moonpay/core/WebhookHandler.ts(886,27): error TS2339: Property 'id' does not exist on type 'ResultOne'.
src/services/wallet/moonpay/index.ts(43,3): error TS2305: Module '"./core/EnhancedSwapService"' has no exported member 'SwapPair'.
src/services/wallet/moonpay/index.ts(130,11): error TS2304: Cannot find name 'OnRampService'.
src/services/wallet/moonpay/index.ts(131,12): error TS2304: Cannot find name 'OffRampService'.
src/services/wallet/moonpay/index.ts(132,9): error TS2304: Cannot find name 'EnhancedSwapService'.
src/services/wallet/moonpay/index.ts(133,8): error TS2304: Cannot find name 'EnhancedNFTService'.
src/services/wallet/moonpay/index.ts(134,12): error TS2304: Cannot find name 'WebhookHandler'.
src/services/wallet/moonpay/index.ts(137,13): error TS2304: Cannot find name 'CustomerService'.
src/services/wallet/moonpay/index.ts(138,12): error TS2304: Cannot find name 'AccountService'.
src/services/wallet/moonpay/index.ts(139,14): error TS2304: Cannot find name 'AnalyticsService'.
src/services/wallet/moonpay/index.ts(140,11): error TS2304: Cannot find name 'PolicyService'.
src/services/wallet/moonpay/index.ts(141,12): error TS2304: Cannot find name 'PartnerService'.
src/services/wallet/moonpay/index.ts(144,16): error TS2304: Cannot find name 'NetworkFeesService'.
src/services/wallet/moonpay/index.ts(145,16): error TS2304: Cannot find name 'GeolocationService'.
src/services/wallet/moonpay/index.ts(146,15): error TS2304: Cannot find name 'ComplianceService'.
src/services/wallet/moonpay/index.ts(147,18): error TS2304: Cannot find name 'HealthMonitor'.
src/services/wallet/moonpay/index.ts(186,34): error TS2304: Cannot find name 'OnRampService'.
src/services/wallet/moonpay/index.ts(189,35): error TS2304: Cannot find name 'OffRampService'.
src/services/wallet/moonpay/index.ts(192,32): error TS2304: Cannot find name 'EnhancedSwapService'.
src/services/wallet/moonpay/index.ts(195,31): error TS2304: Cannot find name 'EnhancedNFTService'.
src/services/wallet/moonpay/index.ts(198,35): error TS2304: Cannot find name 'WebhookHandler'.
src/services/wallet/moonpay/index.ts(203,36): error TS2304: Cannot find name 'CustomerService'.
src/services/wallet/moonpay/index.ts(206,35): error TS2304: Cannot find name 'AccountService'.
src/services/wallet/moonpay/index.ts(209,37): error TS2304: Cannot find name 'AnalyticsService'.
src/services/wallet/moonpay/index.ts(212,34): error TS2304: Cannot find name 'PolicyService'.
src/services/wallet/moonpay/index.ts(215,35): error TS2304: Cannot find name 'PartnerService'.
src/services/wallet/moonpay/index.ts(220,39): error TS2304: Cannot find name 'NetworkFeesService'.
src/services/wallet/moonpay/index.ts(223,39): error TS2304: Cannot find name 'GeolocationService'.
src/services/wallet/moonpay/index.ts(226,38): error TS2304: Cannot find name 'ComplianceService'.
src/services/wallet/moonpay/index.ts(229,41): error TS2304: Cannot find name 'HealthMonitor'.
src/services/wallet/moonpay/utils/mappers.ts(436,9): error TS2322: Type '{ year: string; month: string; day: string; hour: string; minute: string; second: string; } | { year: string; month: string; day: string; } | { hour: string; minute: string; }' is not assignable to type 'DateTimeFormatOptions'.
  Type '{ year: string; month: string; day: string; hour: string; minute: string; second: string; }' is not assignable to type 'DateTimeFormatOptions'.
    Types of property 'year' are incompatible.
      Type 'string' is not assignable to type '"numeric" | "2-digit"'.
src/services/wallet/moonpay/utils/mappers.ts(524,9): error TS2862: Type 'T' is generic and can only be indexed for reading.
src/services/wallet/moonpay/utils/mappers.ts(526,9): error TS2862: Type 'T' is generic and can only be indexed for reading.
src/services/wallet/moonpay/utils/mappers.ts(529,7): error TS2862: Type 'T' is generic and can only be indexed for reading.
src/services/wallet/MoonpayService.ts(1045,15): error TS2769: No overload matches this call.
  Overload 1 of 2, '(relation: "approval_configs" | "roles" | "users" | "cap_tables" | "investors" | "projects" | "project_credentials" | "tokens" | "dfns_wallets" | "dfns_users" | "dfns_exchange_integrations" | ... 167 more ... | "whitelist_signatories"): PostgrestQueryBuilder<...>', gave the following error.
    Argument of type '"moonpay_swap_transactions"' is not assignable to parameter of type '"approval_configs" | "roles" | "users" | "cap_tables" | "investors" | "projects" | "project_credentials" | "tokens" | "dfns_wallets" | "dfns_users" | "dfns_exchange_integrations" | ... 167 more ... | "whitelist_signatories"'.
  Overload 2 of 2, '(relation: "approval_configs_with_approvers" | "user_permissions_view" | "token_erc1155_view" | "token_erc1400_view" | "token_erc20_view" | "token_erc3525_view" | "token_erc4626_view" | ... 17 more ... | "valid_policy_approvers"): PostgrestQueryBuilder<...>', gave the following error.
    Argument of type '"moonpay_swap_transactions"' is not assignable to parameter of type '"approval_configs_with_approvers" | "user_permissions_view" | "token_erc1155_view" | "token_erc1400_view" | "token_erc20_view" | "token_erc3525_view" | "token_erc4626_view" | ... 17 more ... | "valid_policy_approvers"'.
src/services/wallet/ripple/auth/RippleAuthService.ts(96,16): error TS2352: Conversion of type 'ServiceResult<RippleTokenResponse>' to type 'ServiceResult<StoredRippleToken>' may be a mistake because neither type sufficiently overlaps with the other. If this was intentional, convert the expression to 'unknown' first.
  Type 'RippleTokenResponse' is missing the following properties from type 'StoredRippleToken': accessToken, tokenType, expiresAt, createdAt
src/services/wallet/ripple/index.ts(18,1): error TS2308: Module './types' has already exported a member named 'StablecoinConfig'. Consider explicitly re-exporting to resolve the ambiguity.
src/services/wallet/ripple/payments/ODLService.ts(447,34): error TS2345: Argument of type 'MoneyAmount' is not assignable to parameter of type 'string'.
src/services/wallet/ripple/payments/ODLService.ts(493,33): error TS2345: Argument of type 'MoneyAmount' is not assignable to parameter of type 'string'.
src/services/wallet/ripple/payments/QuoteService.ts(157,16): error TS2352: Conversion of type 'ServiceResult<QuoteCollection>' to type 'ServiceResult<RippleQuoteV4>' may be a mistake because neither type sufficiently overlaps with the other. If this was intentional, convert the expression to 'unknown' first.
  Type 'QuoteCollection' is missing the following properties from type 'RippleQuoteV4': id, sourceAmount, destinationAmount, exchangeRate, fee
src/services/wallet/ripple/payments/QuoteService.ts(217,16): error TS2352: Conversion of type 'ServiceResult<QuoteCollection>' to type 'ServiceResult<QuoteComparison>' may be a mistake because neither type sufficiently overlaps with the other. If this was intentional, convert the expression to 'unknown' first.
  Type 'QuoteCollection' is missing the following properties from type 'QuoteComparison': recommended, cheapest, fastest, statistics
src/services/wallet/ripple/payments/QuoteService.ts(342,16): error TS2352: Conversion of type 'ServiceResult<QuoteCollection>' to type 'ServiceResult<RippleQuoteV4>' may be a mistake because neither type sufficiently overlaps with the other. If this was intentional, convert the expression to 'unknown' first.
  Type 'QuoteCollection' is missing the following properties from type 'RippleQuoteV4': id, sourceAmount, destinationAmount, exchangeRate, fee
src/services/wallet/ripple/stablecoin/StablecoinService.ts(161,27): error TS2339: Property 'network' does not exist on type 'TransferRequest'.
src/services/wallet/ripple/stablecoin/StablecoinService.ts(162,27): error TS2339: Property 'network' does not exist on type 'TransferRequest'.
src/services/wallet/ripple/stablecoin/StablecoinService.ts(163,27): error TS2339: Property 'network' does not exist on type 'TransferRequest'.
src/services/wallet/ripple/stablecoin/StablecoinService.ts(486,7): error TS2353: Object literal may only specify known properties, and 'network' does not exist in type 'ValidationSchema<TransferRequest>'.
src/services/wallet/ripple/types/custody.ts(294,9): error TS2304: Cannot find name 'RiskLevel'.
src/services/wallet/ripple/types/index.ts(130,3): error TS2300: Duplicate identifier 'NetworkConfig'.
src/services/wallet/ripple/types/index.ts(148,3): error TS2300: Duplicate identifier 'RiskLevel'.
src/services/wallet/ripple/types/index.ts(153,3): error TS2300: Duplicate identifier 'ContactInfo'.
src/services/wallet/ripple/types/index.ts(169,3): error TS2300: Duplicate identifier 'DocumentType'.
src/services/wallet/ripple/types/index.ts(190,3): error TS2300: Duplicate identifier 'VerificationStatus'.
src/services/wallet/ripple/types/index.ts(214,3): error TS2300: Duplicate identifier 'RiskFactor'.
src/services/wallet/ripple/types/index.ts(231,3): error TS2300: Duplicate identifier 'NetworkConfig'.
src/services/wallet/ripple/types/index.ts(234,3): error TS2300: Duplicate identifier 'VerificationStatus'.
src/services/wallet/ripple/types/index.ts(236,3): error TS2300: Duplicate identifier 'ContactInfo'.
src/services/wallet/ripple/types/index.ts(238,3): error TS2300: Duplicate identifier 'DocumentType'.
src/services/wallet/ripple/types/index.ts(250,3): error TS2300: Duplicate identifier 'RiskLevel'.
src/services/wallet/ripple/types/index.ts(251,3): error TS2300: Duplicate identifier 'RiskFactor'.
src/services/wallet/ripple/utils/ErrorHandler.ts(122,44): error TS2345: Argument of type 'string' is not assignable to parameter of type '"network_error" | "timeout" | "rate_limited" | "service_unavailable"'.
src/types/dfns/fiat.ts(198,3): error TS2411: Property 'asset' of type 'RampAssetInfo' is not assignable to 'string' index type '{ appliedFee: number; baseRampFee: number; cryptoAmount: string; fiatCurrency: string; fiatValue: number; }'.
src/types/ramp/database.ts(7,15): error TS2305: Module '"./core"' has no exported member 'RampWebhookType'.
src/types/ramp/index.ts(31,3): error TS2305: Module '"./core"' has no exported member 'RampSDKConfig'.
src/types/ramp/index.ts(32,3): error TS2305: Module '"./core"' has no exported member 'RampNetworkConfig'.
src/types/ramp/index.ts(33,3): error TS2305: Module '"./core"' has no exported member 'RampNetworkEnhancedConfig'.
src/types/ramp/index.ts(34,3): error TS2305: Module '"./core"' has no exported member 'RampFeatureFlags'.
src/types/ramp/index.ts(37,3): error TS2305: Module '"./core"' has no exported member 'RampEvent'.
src/types/ramp/index.ts(38,3): error TS2305: Module '"./core"' has no exported member 'RampEventType'.
src/types/ramp/index.ts(39,3): error TS2305: Module '"./core"' has no exported member 'RampEventHandler'.
src/types/ramp/index.ts(40,3): error TS2305: Module '"./core"' has no exported member 'RampEventListeners'.
src/types/ramp/index.ts(41,3): error TS2305: Module '"./core"' has no exported member 'RampWebhookEvent'.
src/types/ramp/index.ts(44,3): error TS2305: Module '"./core"' has no exported member 'RampAssetCacheEntry'.
src/types/ramp/index.ts(45,3): error TS2305: Module '"./core"' has no exported member 'RampTransactionEvent'.
src/types/ramp/index.ts(46,3): error TS2305: Module '"./core"' has no exported member 'RampWebhookEventRecord'.
src/types/ramp/index.ts(47,3): error TS2305: Module '"./core"' has no exported member 'RampSessionRecord'.
src/types/ramp/index.ts(48,3): error TS2305: Module '"./core"' has no exported member 'RampAnalyticsRecord'.
src/types/ramp/index.ts(53,3): error TS2305: Module '"./core"' has no exported member 'RampDatabaseResult'.
src/types/ramp/index.ts(54,3): error TS2305: Module '"./core"' has no exported member 'RampPaginatedResult'.
